2026-04-02 18:39:56,109 [INFO] Skipping bootstrap package upgrade by request.
2026-04-02 18:39:56,111 [INFO] Installing dependencies declared in D:\PaddleOCR\DigitOCR_Project\requirements.txt
2026-04-02 18:39:56,111 [INFO] [Cache packages for python-runtime] D:\PaddleOCR\DigitOCR_Project\.venv\Scripts\python.exe -m pip download --requirement D:\PaddleOCR\DigitOCR_Project\requirements.txt --dest D:\PaddleOCR\DigitOCR_Project\.runtime\cache\pip --cache-dir D:\PaddleOCR\DigitOCR_Project\.runtime\cache\pip-http --prefer-binary
2026-04-02 18:40:23,941 [INFO] Cache packages for python-runtime stdout:
Collecting numpy>=1.26.0 (from -r D:\PaddleOCR\DigitOCR_Project\requirements.txt (line 1))
  Using cached numpy-2.2.6-cp310-cp310-win_amd64.whl.metadata (60 kB)
Collecting opencv-python>=4.9.0 (from -r D:\PaddleOCR\DigitOCR_Project\requirements.txt (line 2))
  Using cached opencv_python-4.13.0.92-cp37-abi3-win_amd64.whl.metadata (20 kB)
Collecting paddlepaddle>=3.0.0 (from -r D:\PaddleOCR\DigitOCR_Project\requirements.txt (line 3))
  Using cached paddlepaddle-3.3.1-cp310-cp310-win_amd64.whl.metadata (8.8 kB)
Collecting paddleocr>=3.0.0 (from -r D:\PaddleOCR\DigitOCR_Project\requirements.txt (line 4))
  Using cached paddleocr-3.4.0-py3-none-any.whl.metadata (55 kB)
Collecting Pillow>=10.0.0 (from -r D:\PaddleOCR\DigitOCR_Project\requirements.txt (line 5))
  Using cached pillow-12.2.0-cp310-cp310-win_amd64.whl.metadata (9.0 kB)
Collecting mediapipe (from -r D:\PaddleOCR\DigitOCR_Project\requirements.txt (line 6))
  Using cached mediapipe-0.10.33-py3-none-win_amd64.whl.metadata (9.8 kB)
Collecting httpx (from paddlepaddle>=3.0.0->-r D:\PaddleOCR\DigitOCR_Project\requirements.txt (line 3))
  Using cached httpx-0.28.1-py3-none-any.whl.metadata (7.1 kB)
Collecting protobuf>=3.20.2 (from paddlepaddle>=3.0.0->-r D:\PaddleOCR\DigitOCR_Project\requirements.txt (line 3))
  Using cached protobuf-7.34.1-cp310-abi3-win_amd64.whl.metadata (595 bytes)
Collecting opt-einsum==3.3.0 (from paddlepaddle>=3.0.0->-r D:\PaddleOCR\DigitOCR_Project\requirements.txt (line 3))
  Using cached opt_einsum-3.3.0-py3-none-any.whl.metadata (6.5 kB)
Collecting networkx (from paddlepaddle>=3.0.0->-r D:\PaddleOCR\DigitOCR_Project\requirements.txt (line 3))
  Using cached networkx-3.4.2-py3-none-any.whl.metadata (6.3 kB)
Collecting typing-extensions (from paddlepaddle>=3.0.0->-r D:\PaddleOCR\DigitOCR_Project\requirements.txt (line 3))
  Using cached typing_extensions-4.15.0-py3-none-any.whl.metadata (3.3 kB)
Collecting safetensors>=0.6.0 (from paddlepaddle>=3.0.0->-r D:\PaddleOCR\DigitOCR_Project\requirements.txt (line 3))
  Using cached safetensors-0.7.0-cp38-abi3-win_amd64.whl.metadata (4.2 kB)
Collecting paddlex<3.5.0,>=3.4.0 (from paddlex[ocr-core]<3.5.0,>=3.4.0->paddleocr>=3.0.0->-r D:\PaddleOCR\DigitOCR_Project\requirements.txt (line 4))
  Using cached paddlex-3.4.3-py3-none-any.whl.metadata (80 kB)
Collecting PyYAML>=6 (from paddleocr>=3.0.0->-r D:\PaddleOCR\DigitOCR_Project\requirements.txt (line 4))
  Using cached pyyaml-6.0.3-cp310-cp310-win_amd64.whl.metadata (2.4 kB)
Collecting requests (from paddleocr>=3.0.0->-r D:\PaddleOCR\DigitOCR_Project\requirements.txt (line 4))
  Using cached requests-2.33.1-py3-none-any.whl.metadata (4.8 kB)
Collecting aistudio-sdk>=0.3.5 (from paddlex<3.5.0,>=3.4.0->paddlex[ocr-core]<3.5.0,>=3.4.0->paddleocr>=3.0.0->-r D:\PaddleOCR\DigitOCR_Project\requirements.txt (line 4))
  Using cached aistudio_sdk-0.3.8-py3-none-any.whl.metadata (1.1 kB)
Collecting chardet (from paddlex<3.5.0,>=3.4.0->paddlex[ocr-core]<3.5.0,>=3.4.0->paddleocr>=3.0.0->-r D:\PaddleOCR\DigitOCR_Project\requirements.txt (line 4))
  Using cached chardet-7.4.0.post2-cp310-cp310-win_amd64.whl.metadata (9.3 kB)
Collecting colorlog (from paddlex<3.5.0,>=3.4.0->paddlex[ocr-core]<3.5.0,>=3.4.0->paddleocr>=3.0.0->-r D:\PaddleOCR\DigitOCR_Project\requirements.txt (line 4))
  Using cached colorlog-6.10.1-py3-none-any.whl.metadata (11 kB)
Collecting filelock (from paddlex<3.5.0,>=3.4.0->paddlex[ocr-core]<3.5.0,>=3.4.0->paddleocr>=3.0.0->-r D:\PaddleOCR\DigitOCR_Project\requirements.txt (line 4))
  Using cached filelock-3.25.2-py3-none-any.whl.metadata (2.0 kB)
Collecting huggingface-hub (from paddlex<3.5.0,>=3.4.0->paddlex[ocr-core]<3.5.0,>=3.4.0->paddleocr>=3.0.0->-r D:\PaddleOCR\DigitOCR_Project\requirements.txt (line 4))
  Using cached huggingface_hub-1.8.0-py3-none-any.whl.metadata (13 kB)
Collecting modelscope>=1.28.0 (from paddlex<3.5.0,>=3.4.0->paddlex[ocr-core]<3.5.0,>=3.4.0->paddleocr>=3.0.0->-r D:\PaddleOCR\DigitOCR_Project\requirements.txt (line 4))
  Using cached modelscope-1.35.3-py3-none-any.whl.metadata (43 kB)
Collecting packaging (from paddlex<3.5.0,>=3.4.0->paddlex[ocr-core]<3.5.0,>=3.4.0->paddleocr>=3.0.0->-r D:\PaddleOCR\DigitOCR_Project\requirements.txt (line 4))
  Using cached packaging-26.0-py3-none-any.whl.metadata (3.3 kB)
Collecting pandas>=1.3 (from paddlex<3.5.0,>=3.4.0->paddlex[ocr-core]<3.5.0,>=3.4.0->paddleocr>=3.0.0->-r D:\PaddleOCR\DigitOCR_Project\requirements.txt (line 4))
  Using cached pandas-2.3.3-cp310-cp310-win_amd64.whl.metadata (19 kB)
Collecting prettytable (from paddlex<3.5.0,>=3.4.0->paddlex[ocr-core]<3.5.0,>=3.4.0->paddleocr>=3.0.0->-r D:\PaddleOCR\DigitOCR_Project\requirements.txt (line 4))
  Using cached prettytable-3.17.0-py3-none-any.whl.metadata (34 kB)
Collecting py-cpuinfo (from paddlex<3.5.0,>=3.4.0->paddlex[ocr-core]<3.5.0,>=3.4.0->paddleocr>=3.0.0->-r D:\PaddleOCR\DigitOCR_Project\requirements.txt (line 4))
  Using cached py_cpuinfo-9.0.0-py3-none-any.whl.metadata (794 bytes)
Collecting pydantic>=2 (from paddlex<3.5.0,>=3.4.0->paddlex[ocr-core]<3.5.0,>=3.4.0->paddleocr>=3.0.0->-r D:\PaddleOCR\DigitOCR_Project\requirements.txt (line 4))
  Using cached pydantic-2.12.5-py3-none-any.whl.metadata (90 kB)
Collecting PyYAML>=6 (from paddleocr>=3.0.0->-r D:\PaddleOCR\DigitOCR_Project\requirements.txt (line 4))
  Using cached PyYAML-6.0.2-cp310-cp310-win_amd64.whl.metadata (2.1 kB)
Collecting ruamel.yaml (from paddlex<3.5.0,>=3.4.0->paddlex[ocr-core]<3.5.0,>=3.4.0->paddleocr>=3.0.0->-r D:\PaddleOCR\DigitOCR_Project\requirements.txt (line 4))
  Using cached ruamel_yaml-0.19.1-py3-none-any.whl.metadata (16 kB)
Collecting ujson (from paddlex<3.5.0,>=3.4.0->paddlex[ocr-core]<3.5.0,>=3.4.0->paddleocr>=3.0.0->-r D:\PaddleOCR\DigitOCR_Project\requirements.txt (line 4))
  Using cached ujson-5.12.0-cp310-cp310-win_amd64.whl.metadata (9.8 kB)
Collecting imagesize (from paddlex[ocr-core]<3.5.0,>=3.4.0->paddleocr>=3.0.0->-r D:\PaddleOCR\DigitOCR_Project\requirements.txt (line 4))
  Using cached imagesize-2.0.0-py2.py3-none-any.whl.metadata (1.5 kB)
Collecting opencv-contrib-python==4.10.0.84 (from paddlex[ocr-core]<3.5.0,>=3.4.0->paddleocr>=3.0.0->-r D:\PaddleOCR\DigitOCR_Project\requirements.txt (line 4))
  Using cached opencv_contrib_python-4.10.0.84-cp37-abi3-win_amd64.whl.metadata (20 kB)
Collecting pyclipper (from paddlex[ocr-core]<3.5.0,>=3.4.0->paddleocr>=3.0.0->-r D:\PaddleOCR\DigitOCR_Project\requirements.txt (line 4))
  Using cached pyclipper-1.4.0-cp310-cp310-win_amd64.whl.metadata (8.8 kB)
Collecting pypdfium2>=4 (from paddlex[ocr-core]<3.5.0,>=3.4.0->paddleocr>=3.0.0->-r D:\PaddleOCR\DigitOCR_Project\requirements.txt (line 4))
  Using cached pypdfium2-5.6.0-py3-none-win_amd64.whl.metadata (68 kB)
Collecting python-bidi (from paddlex[ocr-core]<3.5.0,>=3.4.0->paddleocr>=3.0.0->-r D:\PaddleOCR\DigitOCR_Project\requirements.txt (line 4))
  Using cached python_bidi-0.6.7-cp310-cp310-win_amd64.whl.metadata (5.0 kB)
Collecting shapely (from paddlex[ocr-core]<3.5.0,>=3.4.0->paddleocr>=3.0.0->-r D:\PaddleOCR\DigitOCR_Project\requirements.txt (line 4))
  Using cached shapely-2.1.2-cp310-cp310-win_amd64.whl.metadata (7.1 kB)
Collecting absl-py~=2.3 (from mediapipe->-r D:\PaddleOCR\DigitOCR_Project\requirements.txt (line 6))
  Using cached absl_py-2.4.0-py3-none-any.whl.metadata (3.3 kB)
Collecting sounddevice~=0.5 (from mediapipe->-r D:\PaddleOCR\DigitOCR_Project\requirements.txt (line 6))
  Using cached sounddevice-0.5.5-py3-none-win_amd64.whl.metadata (1.4 kB)
Collecting flatbuffers~=25.9 (from mediapipe->-r D:\PaddleOCR\DigitOCR_Project\requirements.txt (line 6))
  Using cached flatbuffers-25.12.19-py2.py3-none-any.whl.metadata (1.0 kB)
Collecting matplotlib (from mediapipe->-r D:\PaddleOCR\DigitOCR_Project\requirements.txt (line 6))
  Using cached matplotlib-3.10.8-cp310-cp310-win_amd64.whl.metadata (52 kB)
Collecting cffi (from sounddevice~=0.5->mediapipe->-r D:\PaddleOCR\DigitOCR_Project\requirements.txt (line 6))
  Using cached cffi-2.0.0-cp310-cp310-win_amd64.whl.metadata (2.6 kB)
Collecting psutil (from aistudio-sdk>=0.3.5->paddlex<3.5.0,>=3.4.0->paddlex[ocr-core]<3.5.0,>=3.4.0->paddleocr>=3.0.0->-r D:\PaddleOCR\DigitOCR_Project\requirements.txt (line 4))
  Using cached psutil-7.2.2-cp37-abi3-win_amd64.whl.metadata (22 kB)
Collecting tqdm (from aistudio-sdk>=0.3.5->paddlex<3.5.0,>=3.4.0->paddlex[ocr-core]<3.5.0,>=3.4.0->paddleocr>=3.0.0->-r D:\PaddleOCR\DigitOCR_Project\requirements.txt (line 4))
  Using cached tqdm-4.67.3-py3-none-any.whl.metadata (57 kB)
Collecting bce-python-sdk (from aistudio-sdk>=0.3.5->paddlex<3.5.0,>=3.4.0->paddlex[ocr-core]<3.5.0,>=3.4.0->paddleocr>=3.0.0->-r D:\PaddleOCR\DigitOCR_Project\requirements.txt (line 4))
  Using cached bce_python_sdk-0.9.68-py3-none-any.whl.metadata (449 bytes)
Collecting click (from aistudio-sdk>=0.3.5->paddlex<3.5.0,>=3.4.0->paddlex[ocr-core]<3.5.0,>=3.4.0->paddleocr>=3.0.0->-r D:\PaddleOCR\DigitOCR_Project\requirements.txt (line 4))
  Using cached click-8.3.1-py3-none-any.whl.metadata (2.6 kB)
Collecting setuptools (from modelscope>=1.28.0->paddlex<3.5.0,>=3.4.0->paddlex[ocr-core]<3.5.0,>=3.4.0->paddleocr>=3.0.0->-r D:\PaddleOCR\DigitOCR_Project\requirements.txt (line 4))
  Using cached setuptools-82.0.1-py3-none-any.whl.metadata (6.5 kB)
Collecting urllib3>=1.26 (from modelscope>=1.28.0->paddlex<3.5.0,>=3.4.0->paddlex[ocr-core]<3.5.0,>=3.4.0->paddleocr>=3.0.0->-r D:\PaddleOCR\DigitOCR_Project\requirements.txt (line 4))
  Using cached urllib3-2.6.3-py3-none-any.whl.metadata (6.9 kB)
Collecting python-dateutil>=2.8.2 (from pandas>=1.3->paddlex<3.5.0,>=3.4.0->paddlex[ocr-core]<3.5.0,>=3.4.0->paddleocr>=3.0.0->-r D:\PaddleOCR\DigitOCR_Project\requirements.txt (line 4))
  Using cached python_dateutil-2.9.0.post0-py2.py3-none-any.whl.metadata (8.4 kB)
Collecting pytz>=2020.1 (from pandas>=1.3->paddlex<3.5.0,>=3.4.0->paddlex[ocr-core]<3.5.0,>=3.4.0->paddleocr>=3.0.0->-r D:\PaddleOCR\DigitOCR_Project\requirements.txt (line 4))
  Using cached pytz-2026.1.post1-py2.py3-none-any.whl.metadata (22 kB)
Collecting tzdata>=2022.7 (from pandas>=1.3->paddlex<3.5.0,>=3.4.0->paddlex[ocr-core]<3.5.0,>=3.4.0->paddleocr>=3.0.0->-r D:\PaddleOCR\DigitOCR_Project\requirements.txt (line 4))
  Using cached tzdata-2025.3-py2.py3-none-any.whl.metadata (1.4 kB)
Collecting annotated-types>=0.6.0 (from pydantic>=2->paddlex<3.5.0,>=3.4.0->paddlex[ocr-core]<3.5.0,>=3.4.0->paddleocr>=3.0.0->-r D:\PaddleOCR\DigitOCR_Project\requirements.txt (line 4))
  Using cached annotated_types-0.7.0-py3-none-any.whl.metadata (15 kB)
Collecting pydantic-core==2.41.5 (from pydantic>=2->paddlex<3.5.0,>=3.4.0->paddlex[ocr-core]<3.5.0,>=3.4.0->paddleocr>=3.0.0->-r D:\PaddleOCR\DigitOCR_Project\requirements.txt (line 4))
  Using cached pydantic_core-2.41.5-cp310-cp310-win_amd64.whl.metadata (7.4 kB)
Collecting typing-inspection>=0.4.2 (from pydantic>=2->paddlex<3.5.0,>=3.4.0->paddlex[ocr-core]<3.5.0,>=3.4.0->paddleocr>=3.0.0->-r D:\PaddleOCR\DigitOCR_Project\requirements.txt (line 4))
  Using cached typing_inspection-0.4.2-py3-none-any.whl.metadata (2.6 kB)
Collecting six>=1.5 (from python-dateutil>=2.8.2->pandas>=1.3->paddlex<3.5.0,>=3.4.0->paddlex[ocr-core]<3.5.0,>=3.4.0->paddleocr>=3.0.0->-r D:\PaddleOCR\DigitOCR_Project\requirements.txt (line 4))
  Using cached six-1.17.0-py2.py3-none-any.whl.metadata (1.7 kB)
Collecting charset_normalizer<4,>=2 (from requests->paddleocr>=3.0.0->-r D:\PaddleOCR\DigitOCR_Project\requirements.txt (line 4))
  Using cached charset_normalizer-3.4.7-cp310-cp310-win_amd64.whl.metadata (41 kB)
Collecting idna<4,>=2.5 (from requests->paddleocr>=3.0.0->-r D:\PaddleOCR\DigitOCR_Project\requirements.txt (line 4))
  Using cached idna-3.11-py3-none-any.whl.metadata (8.4 kB)
Collecting certifi>=2023.5.7 (from requests->paddleocr>=3.0.0->-r D:\PaddleOCR\DigitOCR_Project\requirements.txt (line 4))
  Using cached certifi-2026.2.25-py3-none-any.whl.metadata (2.5 kB)
Collecting colorama (from tqdm->aistudio-sdk>=0.3.5->paddlex<3.5.0,>=3.4.0->paddlex[ocr-core]<3.5.0,>=3.4.0->paddleocr>=3.0.0->-r D:\PaddleOCR\DigitOCR_Project\requirements.txt (line 4))
  Using cached colorama-0.4.6-py2.py3-none-any.whl.metadata (17 kB)
Collecting pycryptodome>=3.8.0 (from bce-python-sdk->aistudio-sdk>=0.3.5->paddlex<3.5.0,>=3.4.0->paddlex[ocr-core]<3.5.0,>=3.4.0->paddleocr>=3.0.0->-r D:\PaddleOCR\DigitOCR_Project\requirements.txt (line 4))
  Using cached pycryptodome-3.23.0-cp37-abi3-win_amd64.whl.metadata (3.5 kB)
Collecting future>=0.6.0 (from bce-python-sdk->aistudio-sdk>=0.3.5->paddlex<3.5.0,>=3.4.0->paddlex[ocr-core]<3.5.0,>=3.4.0->paddleocr>=3.0.0->-r D:\PaddleOCR\DigitOCR_Project\requirements.txt (line 4))
  Using cached future-1.0.0-py3-none-any.whl.metadata (4.0 kB)
Collecting crc32c>=2.2.post0 (from bce-python-sdk->aistudio-sdk>=0.3.5->paddlex<3.5.0,>=3.4.0->paddlex[ocr-core]<3.5.0,>=3.4.0->paddleocr>=3.0.0->-r D:\PaddleOCR\DigitOCR_Project\requirements.txt (line 4))
  Using cached crc32c-2.8-cp310-cp310-win_amd64.whl.metadata (8.0 kB)
Collecting pycparser (from cffi->sounddevice~=0.5->mediapipe->-r D:\PaddleOCR\DigitOCR_Project\requirements.txt (line 6))
  Using cached pycparser-3.0-py3-none-any.whl.metadata (8.2 kB)
Collecting anyio (from httpx->paddlepaddle>=3.0.0->-r D:\PaddleOCR\DigitOCR_Project\requirements.txt (line 3))
  Using cached anyio-4.13.0-py3-none-any.whl.metadata (4.5 kB)
Collecting httpcore==1.* (from httpx->paddlepaddle>=3.0.0->-r D:\PaddleOCR\DigitOCR_Project\requirements.txt (line 3))
  Using cached httpcore-1.0.9-py3-none-any.whl.metadata (21 kB)
Collecting h11>=0.16 (from httpcore==1.*->httpx->paddlepaddle>=3.0.0->-r D:\PaddleOCR\DigitOCR_Project\requirements.txt (line 3))
  Using cached h11-0.16.0-py3-none-any.whl.metadata (8.3 kB)
Collecting exceptiongroup>=1.0.2 (from anyio->httpx->paddlepaddle>=3.0.0->-r D:\PaddleOCR\DigitOCR_Project\requirements.txt (line 3))
  Using cached exceptiongroup-1.3.1-py3-none-any.whl.metadata (6.7 kB)
Collecting fsspec>=2023.5.0 (from huggingface-hub->paddlex<3.5.0,>=3.4.0->paddlex[ocr-core]<3.5.0,>=3.4.0->paddleocr>=3.0.0->-r D:\PaddleOCR\DigitOCR_Project\requirements.txt (line 4))
  Using cached fsspec-2026.3.0-py3-none-any.whl.metadata (10 kB)
Collecting hf-xet<2.0.0,>=1.4.2 (from huggingface-hub->paddlex<3.5.0,>=3.4.0->paddlex[ocr-core]<3.5.0,>=3.4.0->paddleocr>=3.0.0->-r D:\PaddleOCR\DigitOCR_Project\requirements.txt (line 4))
  Using cached hf_xet-1.4.3-cp37-abi3-win_amd64.whl.metadata (4.9 kB)
Collecting typer (from huggingface-hub->paddlex<3.5.0,>=3.4.0->paddlex[ocr-core]<3.5.0,>=3.4.0->paddleocr>=3.0.0->-r D:\PaddleOCR\DigitOCR_Project\requirements.txt (line 4))
  Using cached typer-0.24.1-py3-none-any.whl.metadata (16 kB)
Collecting contourpy>=1.0.1 (from matplotlib->mediapipe->-r D:\PaddleOCR\DigitOCR_Project\requirements.txt (line 6))
  Using cached contourpy-1.3.2-cp310-cp310-win_amd64.whl.metadata (5.5 kB)
Collecting cycler>=0.10 (from matplotlib->mediapipe->-r D:\PaddleOCR\DigitOCR_Project\requirements.txt (line 6))
  Using cached cycler-0.12.1-py3-none-any.whl.metadata (3.8 kB)
Collecting fonttools>=4.22.0 (from matplotlib->mediapipe->-r D:\PaddleOCR\DigitOCR_Project\requirements.txt (line 6))
  Using cached fonttools-4.62.1-cp310-cp310-win_amd64.whl.metadata (119 kB)
Collecting kiwisolver>=1.3.1 (from matplotlib->mediapipe->-r D:\PaddleOCR\DigitOCR_Project\requirements.txt (line 6))
  Using cached kiwisolver-1.5.0-cp310-cp310-win_amd64.whl.metadata (5.2 kB)
Collecting pyparsing>=3 (from matplotlib->mediapipe->-r D:\PaddleOCR\DigitOCR_Project\requirements.txt (line 6))
  Using cached pyparsing-3.3.2-py3-none-any.whl.metadata (5.8 kB)
Collecting wcwidth (from prettytable->paddlex<3.5.0,>=3.4.0->paddlex[ocr-core]<3.5.0,>=3.4.0->paddleocr>=3.0.0->-r D:\PaddleOCR\DigitOCR_Project\requirements.txt (line 4))
  Using cached wcwidth-0.6.0-py3-none-any.whl.metadata (30 kB)
Collecting shellingham>=1.3.0 (from typer->huggingface-hub->paddlex<3.5.0,>=3.4.0->paddlex[ocr-core]<3.5.0,>=3.4.0->paddleocr>=3.0.0->-r D:\PaddleOCR\DigitOCR_Project\requirements.txt (line 4))
  Using cached shellingham-1.5.4-py2.py3-none-any.whl.metadata (3.5 kB)
Collecting rich>=12.3.0 (from typer->huggingface-hub->paddlex<3.5.0,>=3.4.0->paddlex[ocr-core]<3.5.0,>=3.4.0->paddleocr>=3.0.0->-r D:\PaddleOCR\DigitOCR_Project\requirements.txt (line 4))
  Using cached rich-14.3.3-py3-none-any.whl.metadata (18 kB)
Collecting annotated-doc>=0.0.2 (from typer->huggingface-hub->paddlex<3.5.0,>=3.4.0->paddlex[ocr-core]<3.5.0,>=3.4.0->paddleocr>=3.0.0->-r D:\PaddleOCR\DigitOCR_Project\requirements.txt (line 4))
  Using cached annotated_doc-0.0.4-py3-none-any.whl.metadata (6.6 kB)
Collecting markdown-it-py>=2.2.0 (from rich>=12.3.0->typer->huggingface-hub->paddlex<3.5.0,>=3.4.0->paddlex[ocr-core]<3.5.0,>=3.4.0->paddleocr>=3.0.0->-r D:\PaddleOCR\DigitOCR_Project\requirements.txt (line 4))
  Using cached markdown_it_py-4.0.0-py3-none-any.whl.metadata (7.3 kB)
Collecting pygments<3.0.0,>=2.13.0 (from rich>=12.3.0->typer->huggingface-hub->paddlex<3.5.0,>=3.4.0->paddlex[ocr-core]<3.5.0,>=3.4.0->paddleocr>=3.0.0->-r D:\PaddleOCR\DigitOCR_Project\requirements.txt (line 4))
  Using cached pygments-2.20.0-py3-none-any.whl.metadata (2.5 kB)
Collecting mdurl~=0.1 (from markdown-it-py>=2.2.0->rich>=12.3.0->typer->huggingface-hub->paddlex<3.5.0,>=3.4.0->paddlex[ocr-core]<3.5.0,>=3.4.0->paddleocr>=3.0.0->-r D:\PaddleOCR\DigitOCR_Project\requirements.txt (line 4))
  Using cached mdurl-0.1.2-py3-none-any.whl.metadata (1.6 kB)
Using cached numpy-2.2.6-cp310-cp310-win_amd64.whl (12.9 MB)
Using cached opencv_python-4.13.0.92-cp37-abi3-win_amd64.whl (40.2 MB)
Using cached paddlepaddle-3.3.1-cp310-cp310-win_amd64.whl (104.8 MB)
Using cached opt_einsum-3.3.0-py3-none-any.whl (65 kB)
Using cached paddleocr-3.4.0-py3-none-any.whl (87 kB)
Using cached paddlex-3.4.3-py3-none-any.whl (2.0 MB)
Using cached PyYAML-6.0.2-cp310-cp310-win_amd64.whl (161 kB)
Downloading opencv_contrib_python-4.10.0.84-cp37-abi3-win_amd64.whl (45.5 MB)
2026-04-02 18:40:23,945 [WARNING] Cache packages for python-runtime failed with exit code 4294967295: D:\PaddleOCR\DigitOCR_Project\.venv\Scripts\python.exe -m pip download --requirement D:\PaddleOCR\DigitOCR_Project\requirements.txt --dest D:\PaddleOCR\DigitOCR_Project\.runtime\cache\pip --cache-dir D:\PaddleOCR\DigitOCR_Project\.runtime\cache\pip-http --prefer-binary
2026-04-02 18:40:23,945 [INFO] Retrying Cache packages for python-runtime in 3.0 seconds (attempt 2/3).
2026-04-02 18:40:26,945 [INFO] [Cache packages for python-runtime] D:\PaddleOCR\DigitOCR_Project\.venv\Scripts\python.exe -m pip download --requirement D:\PaddleOCR\DigitOCR_Project\requirements.txt --dest D:\PaddleOCR\DigitOCR_Project\.runtime\cache\pip --cache-dir D:\PaddleOCR\DigitOCR_Project\.runtime\cache\pip-http --prefer-binary
2026-04-02 18:41:52,891 [INFO] Cache packages for python-runtime stdout:
Collecting numpy>=1.26.0 (from -r D:\PaddleOCR\DigitOCR_Project\requirements.txt (line 1))
  Using cached numpy-2.2.6-cp310-cp310-win_amd64.whl.metadata (60 kB)
Collecting opencv-python>=4.9.0 (from -r D:\PaddleOCR\DigitOCR_Project\requirements.txt (line 2))
  Using cached opencv_python-4.13.0.92-cp37-abi3-win_amd64.whl.metadata (20 kB)
Collecting paddlepaddle>=3.0.0 (from -r D:\PaddleOCR\DigitOCR_Project\requirements.txt (line 3))
  Using cached paddlepaddle-3.3.1-cp310-cp310-win_amd64.whl.metadata (8.8 kB)
Collecting paddleocr>=3.0.0 (from -r D:\PaddleOCR\DigitOCR_Project\requirements.txt (line 4))
  Using cached paddleocr-3.4.0-py3-none-any.whl.metadata (55 kB)
Collecting Pillow>=10.0.0 (from -r D:\PaddleOCR\DigitOCR_Project\requirements.txt (line 5))
  Using cached pillow-12.2.0-cp310-cp310-win_amd64.whl.metadata (9.0 kB)
Collecting mediapipe (from -r D:\PaddleOCR\DigitOCR_Project\requirements.txt (line 6))
  Using cached mediapipe-0.10.33-py3-none-win_amd64.whl.metadata (9.8 kB)
Collecting httpx (from paddlepaddle>=3.0.0->-r D:\PaddleOCR\DigitOCR_Project\requirements.txt (line 3))
  Using cached httpx-0.28.1-py3-none-any.whl.metadata (7.1 kB)
Collecting protobuf>=3.20.2 (from paddlepaddle>=3.0.0->-r D:\PaddleOCR\DigitOCR_Project\requirements.txt (line 3))
  Using cached protobuf-7.34.1-cp310-abi3-win_amd64.whl.metadata (595 bytes)
Collecting opt-einsum==3.3.0 (from paddlepaddle>=3.0.0->-r D:\PaddleOCR\DigitOCR_Project\requirements.txt (line 3))
  Using cached opt_einsum-3.3.0-py3-none-any.whl.metadata (6.5 kB)
Collecting networkx (from paddlepaddle>=3.0.0->-r D:\PaddleOCR\DigitOCR_Project\requirements.txt (line 3))
  Using cached networkx-3.4.2-py3-none-any.whl.metadata (6.3 kB)
Collecting typing-extensions (from paddlepaddle>=3.0.0->-r D:\PaddleOCR\DigitOCR_Project\requirements.txt (line 3))
  Using cached typing_extensions-4.15.0-py3-none-any.whl.metadata (3.3 kB)
Collecting safetensors>=0.6.0 (from paddlepaddle>=3.0.0->-r D:\PaddleOCR\DigitOCR_Project\requirements.txt (line 3))
  Using cached safetensors-0.7.0-cp38-abi3-win_amd64.whl.metadata (4.2 kB)
Collecting paddlex<3.5.0,>=3.4.0 (from paddlex[ocr-core]<3.5.0,>=3.4.0->paddleocr>=3.0.0->-r D:\PaddleOCR\DigitOCR_Project\requirements.txt (line 4))
  Using cached paddlex-3.4.3-py3-none-any.whl.metadata (80 kB)
Collecting PyYAML>=6 (from paddleocr>=3.0.0->-r D:\PaddleOCR\DigitOCR_Project\requirements.txt (line 4))
  Using cached pyyaml-6.0.3-cp310-cp310-win_amd64.whl.metadata (2.4 kB)
Collecting requests (from paddleocr>=3.0.0->-r D:\PaddleOCR\DigitOCR_Project\requirements.txt (line 4))
  Using cached requests-2.33.1-py3-none-any.whl.metadata (4.8 kB)
Collecting aistudio-sdk>=0.3.5 (from paddlex<3.5.0,>=3.4.0->paddlex[ocr-core]<3.5.0,>=3.4.0->paddleocr>=3.0.0->-r D:\PaddleOCR\DigitOCR_Project\requirements.txt (line 4))
  Using cached aistudio_sdk-0.3.8-py3-none-any.whl.metadata (1.1 kB)
Collecting chardet (from paddlex<3.5.0,>=3.4.0->paddlex[ocr-core]<3.5.0,>=3.4.0->paddleocr>=3.0.0->-r D:\PaddleOCR\DigitOCR_Project\requirements.txt (line 4))
  Using cached chardet-7.4.0.post2-cp310-cp310-win_amd64.whl.metadata (9.3 kB)
Collecting colorlog (from paddlex<3.5.0,>=3.4.0->paddlex[ocr-core]<3.5.0,>=3.4.0->paddleocr>=3.0.0->-r D:\PaddleOCR\DigitOCR_Project\requirements.txt (line 4))
  Using cached colorlog-6.10.1-py3-none-any.whl.metadata (11 kB)
Collecting filelock (from paddlex<3.5.0,>=3.4.0->paddlex[ocr-core]<3.5.0,>=3.4.0->paddleocr>=3.0.0->-r D:\PaddleOCR\DigitOCR_Project\requirements.txt (line 4))
  Using cached filelock-3.25.2-py3-none-any.whl.metadata (2.0 kB)
Collecting huggingface-hub (from paddlex<3.5.0,>=3.4.0->paddlex[ocr-core]<3.5.0,>=3.4.0->paddleocr>=3.0.0->-r D:\PaddleOCR\DigitOCR_Project\requirements.txt (line 4))
  Using cached huggingface_hub-1.8.0-py3-none-any.whl.metadata (13 kB)
Collecting modelscope>=1.28.0 (from paddlex<3.5.0,>=3.4.0->paddlex[ocr-core]<3.5.0,>=3.4.0->paddleocr>=3.0.0->-r D:\PaddleOCR\DigitOCR_Project\requirements.txt (line 4))
  Using cached modelscope-1.35.3-py3-none-any.whl.metadata (43 kB)
Collecting packaging (from paddlex<3.5.0,>=3.4.0->paddlex[ocr-core]<3.5.0,>=3.4.0->paddleocr>=3.0.0->-r D:\PaddleOCR\DigitOCR_Project\requirements.txt (line 4))
  Using cached packaging-26.0-py3-none-any.whl.metadata (3.3 kB)
Collecting pandas>=1.3 (from paddlex<3.5.0,>=3.4.0->paddlex[ocr-core]<3.5.0,>=3.4.0->paddleocr>=3.0.0->-r D:\PaddleOCR\DigitOCR_Project\requirements.txt (line 4))
  Using cached pandas-2.3.3-cp310-cp310-win_amd64.whl.metadata (19 kB)
Collecting prettytable (from paddlex<3.5.0,>=3.4.0->paddlex[ocr-core]<3.5.0,>=3.4.0->paddleocr>=3.0.0->-r D:\PaddleOCR\DigitOCR_Project\requirements.txt (line 4))
  Using cached prettytable-3.17.0-py3-none-any.whl.metadata (34 kB)
Collecting py-cpuinfo (from paddlex<3.5.0,>=3.4.0->paddlex[ocr-core]<3.5.0,>=3.4.0->paddleocr>=3.0.0->-r D:\PaddleOCR\DigitOCR_Project\requirements.txt (line 4))
  Using cached py_cpuinfo-9.0.0-py3-none-any.whl.metadata (794 bytes)
Collecting pydantic>=2 (from paddlex<3.5.0,>=3.4.0->paddlex[ocr-core]<3.5.0,>=3.4.0->paddleocr>=3.0.0->-r D:\PaddleOCR\DigitOCR_Project\requirements.txt (line 4))
  Using cached pydantic-2.12.5-py3-none-any.whl.metadata (90 kB)
Collecting PyYAML>=6 (from paddleocr>=3.0.0->-r D:\PaddleOCR\DigitOCR_Project\requirements.txt (line 4))
  Using cached PyYAML-6.0.2-cp310-cp310-win_amd64.whl.metadata (2.1 kB)
Collecting ruamel.yaml (from paddlex<3.5.0,>=3.4.0->paddlex[ocr-core]<3.5.0,>=3.4.0->paddleocr>=3.0.0->-r D:\PaddleOCR\DigitOCR_Project\requirements.txt (line 4))
  Using cached ruamel_yaml-0.19.1-py3-none-any.whl.metadata (16 kB)
Collecting ujson (from paddlex<3.5.0,>=3.4.0->paddlex[ocr-core]<3.5.0,>=3.4.0->paddleocr>=3.0.0->-r D:\PaddleOCR\DigitOCR_Project\requirements.txt (line 4))
  Using cached ujson-5.12.0-cp310-cp310-win_amd64.whl.metadata (9.8 kB)
Collecting imagesize (from paddlex[ocr-core]<3.5.0,>=3.4.0->paddleocr>=3.0.0->-r D:\PaddleOCR\DigitOCR_Project\requirements.txt (line 4))
  Using cached imagesize-2.0.0-py2.py3-none-any.whl.metadata (1.5 kB)
Collecting opencv-contrib-python==4.10.0.84 (from paddlex[ocr-core]<3.5.0,>=3.4.0->paddleocr>=3.0.0->-r D:\PaddleOCR\DigitOCR_Project\requirements.txt (line 4))
  Using cached opencv_contrib_python-4.10.0.84-cp37-abi3-win_amd64.whl.metadata (20 kB)
Collecting pyclipper (from paddlex[ocr-core]<3.5.0,>=3.4.0->paddleocr>=3.0.0->-r D:\PaddleOCR\DigitOCR_Project\requirements.txt (line 4))
  Using cached pyclipper-1.4.0-cp310-cp310-win_amd64.whl.metadata (8.8 kB)
Collecting pypdfium2>=4 (from paddlex[ocr-core]<3.5.0,>=3.4.0->paddleocr>=3.0.0->-r D:\PaddleOCR\DigitOCR_Project\requirements.txt (line 4))
  Using cached pypdfium2-5.6.0-py3-none-win_amd64.whl.metadata (68 kB)
Collecting python-bidi (from paddlex[ocr-core]<3.5.0,>=3.4.0->paddleocr>=3.0.0->-r D:\PaddleOCR\DigitOCR_Project\requirements.txt (line 4))
  Using cached python_bidi-0.6.7-cp310-cp310-win_amd64.whl.metadata (5.0 kB)
Collecting shapely (from paddlex[ocr-core]<3.5.0,>=3.4.0->paddleocr>=3.0.0->-r D:\PaddleOCR\DigitOCR_Project\requirements.txt (line 4))
  Using cached shapely-2.1.2-cp310-cp310-win_amd64.whl.metadata (7.1 kB)
Collecting absl-py~=2.3 (from mediapipe->-r D:\PaddleOCR\DigitOCR_Project\requirements.txt (line 6))
  Using cached absl_py-2.4.0-py3-none-any.whl.metadata (3.3 kB)
Collecting sounddevice~=0.5 (from mediapipe->-r D:\PaddleOCR\DigitOCR_Project\requirements.txt (line 6))
  Using cached sounddevice-0.5.5-py3-none-win_amd64.whl.metadata (1.4 kB)
Collecting flatbuffers~=25.9 (from mediapipe->-r D:\PaddleOCR\DigitOCR_Project\requirements.txt (line 6))
  Using cached flatbuffers-25.12.19-py2.py3-none-any.whl.metadata (1.0 kB)
Collecting matplotlib (from mediapipe->-r D:\PaddleOCR\DigitOCR_Project\requirements.txt (line 6))
  Using cached matplotlib-3.10.8-cp310-cp310-win_amd64.whl.metadata (52 kB)
Collecting cffi (from sounddevice~=0.5->mediapipe->-r D:\PaddleOCR\DigitOCR_Project\requirements.txt (line 6))
  Using cached cffi-2.0.0-cp310-cp310-win_amd64.whl.metadata (2.6 kB)
Collecting psutil (from aistudio-sdk>=0.3.5->paddlex<3.5.0,>=3.4.0->paddlex[ocr-core]<3.5.0,>=3.4.0->paddleocr>=3.0.0->-r D:\PaddleOCR\DigitOCR_Project\requirements.txt (line 4))
  Using cached psutil-7.2.2-cp37-abi3-win_amd64.whl.metadata (22 kB)
Collecting tqdm (from aistudio-sdk>=0.3.5->paddlex<3.5.0,>=3.4.0->paddlex[ocr-core]<3.5.0,>=3.4.0->paddleocr>=3.0.0->-r D:\PaddleOCR\DigitOCR_Project\requirements.txt (line 4))
  Using cached tqdm-4.67.3-py3-none-any.whl.metadata (57 kB)
Collecting bce-python-sdk (from aistudio-sdk>=0.3.5->paddlex<3.5.0,>=3.4.0->paddlex[ocr-core]<3.5.0,>=3.4.0->paddleocr>=3.0.0->-r D:\PaddleOCR\DigitOCR_Project\requirements.txt (line 4))
  Using cached bce_python_sdk-0.9.68-py3-none-any.whl.metadata (449 bytes)
Collecting click (from aistudio-sdk>=0.3.5->paddlex<3.5.0,>=3.4.0->paddlex[ocr-core]<3.5.0,>=3.4.0->paddleocr>=3.0.0->-r D:\PaddleOCR\DigitOCR_Project\requirements.txt (line 4))
  Using cached click-8.3.1-py3-none-any.whl.metadata (2.6 kB)
Collecting setuptools (from modelscope>=1.28.0->paddlex<3.5.0,>=3.4.0->paddlex[ocr-core]<3.5.0,>=3.4.0->paddleocr>=3.0.0->-r D:\PaddleOCR\DigitOCR_Project\requirements.txt (line 4))
  Using cached setuptools-82.0.1-py3-none-any.whl.metadata (6.5 kB)
Collecting urllib3>=1.26 (from modelscope>=1.28.0->paddlex<3.5.0,>=3.4.0->paddlex[ocr-core]<3.5.0,>=3.4.0->paddleocr>=3.0.0->-r D:\PaddleOCR\DigitOCR_Project\requirements.txt (line 4))
  Using cached urllib3-2.6.3-py3-none-any.whl.metadata (6.9 kB)
Collecting python-dateutil>=2.8.2 (from pandas>=1.3->paddlex<3.5.0,>=3.4.0->paddlex[ocr-core]<3.5.0,>=3.4.0->paddleocr>=3.0.0->-r D:\PaddleOCR\DigitOCR_Project\requirements.txt (line 4))
  Using cached python_dateutil-2.9.0.post0-py2.py3-none-any.whl.metadata (8.4 kB)
Collecting pytz>=2020.1 (from pandas>=1.3->paddlex<3.5.0,>=3.4.0->paddlex[ocr-core]<3.5.0,>=3.4.0->paddleocr>=3.0.0->-r D:\PaddleOCR\DigitOCR_Project\requirements.txt (line 4))
  Using cached pytz-2026.1.post1-py2.py3-none-any.whl.metadata (22 kB)
Collecting tzdata>=2022.7 (from pandas>=1.3->paddlex<3.5.0,>=3.4.0->paddlex[ocr-core]<3.5.0,>=3.4.0->paddleocr>=3.0.0->-r D:\PaddleOCR\DigitOCR_Project\requirements.txt (line 4))
  Using cached tzdata-2025.3-py2.py3-none-any.whl.metadata (1.4 kB)
Collecting annotated-types>=0.6.0 (from pydantic>=2->paddlex<3.5.0,>=3.4.0->paddlex[ocr-core]<3.5.0,>=3.4.0->paddleocr>=3.0.0->-r D:\PaddleOCR\DigitOCR_Project\requirements.txt (line 4))
  Using cached annotated_types-0.7.0-py3-none-any.whl.metadata (15 kB)
Collecting pydantic-core==2.41.5 (from pydantic>=2->paddlex<3.5.0,>=3.4.0->paddlex[ocr-core]<3.5.0,>=3.4.0->paddleocr>=3.0.0->-r D:\PaddleOCR\DigitOCR_Project\requirements.txt (line 4))
  Using cached pydantic_core-2.41.5-cp310-cp310-win_amd64.whl.metadata (7.4 kB)
Collecting typing-inspection>=0.4.2 (from pydantic>=2->paddlex<3.5.0,>=3.4.0->paddlex[ocr-core]<3.5.0,>=3.4.0->paddleocr>=3.0.0->-r D:\PaddleOCR\DigitOCR_Project\requirements.txt (line 4))
  Using cached typing_inspection-0.4.2-py3-none-any.whl.metadata (2.6 kB)
Collecting six>=1.5 (from python-dateutil>=2.8.2->pandas>=1.3->paddlex<3.5.0,>=3.4.0->paddlex[ocr-core]<3.5.0,>=3.4.0->paddleocr>=3.0.0->-r D:\PaddleOCR\DigitOCR_Project\requirements.txt (line 4))
  Using cached six-1.17.0-py2.py3-none-any.whl.metadata (1.7 kB)
Collecting charset_normalizer<4,>=2 (from requests->paddleocr>=3.0.0->-r D:\PaddleOCR\DigitOCR_Project\requirements.txt (line 4))
  Using cached charset_normalizer-3.4.7-cp310-cp310-win_amd64.whl.metadata (41 kB)
Collecting idna<4,>=2.5 (from requests->paddleocr>=3.0.0->-r D:\PaddleOCR\DigitOCR_Project\requirements.txt (line 4))
  Using cached idna-3.11-py3-none-any.whl.metadata (8.4 kB)
Collecting certifi>=2023.5.7 (from requests->paddleocr>=3.0.0->-r D:\PaddleOCR\DigitOCR_Project\requirements.txt (line 4))
  Using cached certifi-2026.2.25-py3-none-any.whl.metadata (2.5 kB)
Collecting colorama (from tqdm->aistudio-sdk>=0.3.5->paddlex<3.5.0,>=3.4.0->paddlex[ocr-core]<3.5.0,>=3.4.0->paddleocr>=3.0.0->-r D:\PaddleOCR\DigitOCR_Project\requirements.txt (line 4))
  Using cached colorama-0.4.6-py2.py3-none-any.whl.metadata (17 kB)
Collecting pycryptodome>=3.8.0 (from bce-python-sdk->aistudio-sdk>=0.3.5->paddlex<3.5.0,>=3.4.0->paddlex[ocr-core]<3.5.0,>=3.4.0->paddleocr>=3.0.0->-r D:\PaddleOCR\DigitOCR_Project\requirements.txt (line 4))
  Using cached pycryptodome-3.23.0-cp37-abi3-win_amd64.whl.metadata (3.5 kB)
Collecting future>=0.6.0 (from bce-python-sdk->aistudio-sdk>=0.3.5->paddlex<3.5.0,>=3.4.0->paddlex[ocr-core]<3.5.0,>=3.4.0->paddleocr>=3.0.0->-r D:\PaddleOCR\DigitOCR_Project\requirements.txt (line 4))
  Using cached future-1.0.0-py3-none-any.whl.metadata (4.0 kB)
Collecting crc32c>=2.2.post0 (from bce-python-sdk->aistudio-sdk>=0.3.5->paddlex<3.5.0,>=3.4.0->paddlex[ocr-core]<3.5.0,>=3.4.0->paddleocr>=3.0.0->-r D:\PaddleOCR\DigitOCR_Project\requirements.txt (line 4))
  Using cached crc32c-2.8-cp310-cp310-win_amd64.whl.metadata (8.0 kB)
Collecting pycparser (from cffi->sounddevice~=0.5->mediapipe->-r D:\PaddleOCR\DigitOCR_Project\requirements.txt (line 6))
  Using cached pycparser-3.0-py3-none-any.whl.metadata (8.2 kB)
Collecting anyio (from httpx->paddlepaddle>=3.0.0->-r D:\PaddleOCR\DigitOCR_Project\requirements.txt (line 3))
  Using cached anyio-4.13.0-py3-none-any.whl.metadata (4.5 kB)
Collecting httpcore==1.* (from httpx->paddlepaddle>=3.0.0->-r D:\PaddleOCR\DigitOCR_Project\requirements.txt (line 3))
  Using cached httpcore-1.0.9-py3-none-any.whl.metadata (21 kB)
Collecting h11>=0.16 (from httpcore==1.*->httpx->paddlepaddle>=3.0.0->-r D:\PaddleOCR\DigitOCR_Project\requirements.txt (line 3))
  Using cached h11-0.16.0-py3-none-any.whl.metadata (8.3 kB)
Collecting exceptiongroup>=1.0.2 (from anyio->httpx->paddlepaddle>=3.0.0->-r D:\PaddleOCR\DigitOCR_Project\requirements.txt (line 3))
  Using cached exceptiongroup-1.3.1-py3-none-any.whl.metadata (6.7 kB)
Collecting fsspec>=2023.5.0 (from huggingface-hub->paddlex<3.5.0,>=3.4.0->paddlex[ocr-core]<3.5.0,>=3.4.0->paddleocr>=3.0.0->-r D:\PaddleOCR\DigitOCR_Project\requirements.txt (line 4))
  Using cached fsspec-2026.3.0-py3-none-any.whl.metadata (10 kB)
Collecting hf-xet<2.0.0,>=1.4.2 (from huggingface-hub->paddlex<3.5.0,>=3.4.0->paddlex[ocr-core]<3.5.0,>=3.4.0->paddleocr>=3.0.0->-r D:\PaddleOCR\DigitOCR_Project\requirements.txt (line 4))
  Using cached hf_xet-1.4.3-cp37-abi3-win_amd64.whl.metadata (4.9 kB)
Collecting typer (from huggingface-hub->paddlex<3.5.0,>=3.4.0->paddlex[ocr-core]<3.5.0,>=3.4.0->paddleocr>=3.0.0->-r D:\PaddleOCR\DigitOCR_Project\requirements.txt (line 4))
  Using cached typer-0.24.1-py3-none-any.whl.metadata (16 kB)
Collecting contourpy>=1.0.1 (from matplotlib->mediapipe->-r D:\PaddleOCR\DigitOCR_Project\requirements.txt (line 6))
  Using cached contourpy-1.3.2-cp310-cp310-win_amd64.whl.metadata (5.5 kB)
Collecting cycler>=0.10 (from matplotlib->mediapipe->-r D:\PaddleOCR\DigitOCR_Project\requirements.txt (line 6))
  Using cached cycler-0.12.1-py3-none-any.whl.metadata (3.8 kB)
Collecting fonttools>=4.22.0 (from matplotlib->mediapipe->-r D:\PaddleOCR\DigitOCR_Project\requirements.txt (line 6))
  Using cached fonttools-4.62.1-cp310-cp310-win_amd64.whl.metadata (119 kB)
Collecting kiwisolver>=1.3.1 (from matplotlib->mediapipe->-r D:\PaddleOCR\DigitOCR_Project\requirements.txt (line 6))
  Using cached kiwisolver-1.5.0-cp310-cp310-win_amd64.whl.metadata (5.2 kB)
Collecting pyparsing>=3 (from matplotlib->mediapipe->-r D:\PaddleOCR\DigitOCR_Project\requirements.txt (line 6))
  Using cached pyparsing-3.3.2-py3-none-any.whl.metadata (5.8 kB)
Collecting wcwidth (from prettytable->paddlex<3.5.0,>=3.4.0->paddlex[ocr-core]<3.5.0,>=3.4.0->paddleocr>=3.0.0->-r D:\PaddleOCR\DigitOCR_Project\requirements.txt (line 4))
  Using cached wcwidth-0.6.0-py3-none-any.whl.metadata (30 kB)
Collecting shellingham>=1.3.0 (from typer->huggingface-hub->paddlex<3.5.0,>=3.4.0->paddlex[ocr-core]<3.5.0,>=3.4.0->paddleocr>=3.0.0->-r D:\PaddleOCR\DigitOCR_Project\requirements.txt (line 4))
  Using cached shellingham-1.5.4-py2.py3-none-any.whl.metadata (3.5 kB)
Collecting rich>=12.3.0 (from typer->huggingface-hub->paddlex<3.5.0,>=3.4.0->paddlex[ocr-core]<3.5.0,>=3.4.0->paddleocr>=3.0.0->-r D:\PaddleOCR\DigitOCR_Project\requirements.txt (line 4))
  Using cached rich-14.3.3-py3-none-any.whl.metadata (18 kB)
Collecting annotated-doc>=0.0.2 (from typer->huggingface-hub->paddlex<3.5.0,>=3.4.0->paddlex[ocr-core]<3.5.0,>=3.4.0->paddleocr>=3.0.0->-r D:\PaddleOCR\DigitOCR_Project\requirements.txt (line 4))
  Using cached annotated_doc-0.0.4-py3-none-any.whl.metadata (6.6 kB)
Collecting markdown-it-py>=2.2.0 (from rich>=12.3.0->typer->huggingface-hub->paddlex<3.5.0,>=3.4.0->paddlex[ocr-core]<3.5.0,>=3.4.0->paddleocr>=3.0.0->-r D:\PaddleOCR\DigitOCR_Project\requirements.txt (line 4))
  Using cached markdown_it_py-4.0.0-py3-none-any.whl.metadata (7.3 kB)
Collecting pygments<3.0.0,>=2.13.0 (from rich>=12.3.0->typer->huggingface-hub->paddlex<3.5.0,>=3.4.0->paddlex[ocr-core]<3.5.0,>=3.4.0->paddleocr>=3.0.0->-r D:\PaddleOCR\DigitOCR_Project\requirements.txt (line 4))
  Using cached pygments-2.20.0-py3-none-any.whl.metadata (2.5 kB)
Collecting mdurl~=0.1 (from markdown-it-py>=2.2.0->rich>=12.3.0->typer->huggingface-hub->paddlex<3.5.0,>=3.4.0->paddlex[ocr-core]<3.5.0,>=3.4.0->paddleocr>=3.0.0->-r D:\PaddleOCR\DigitOCR_Project\requirements.txt (line 4))
  Using cached mdurl-0.1.2-py3-none-any.whl.metadata (1.6 kB)
Using cached numpy-2.2.6-cp310-cp310-win_amd64.whl (12.9 MB)
Using cached opencv_python-4.13.0.92-cp37-abi3-win_amd64.whl (40.2 MB)
Using cached paddlepaddle-3.3.1-cp310-cp310-win_amd64.whl (104.8 MB)
Using cached opt_einsum-3.3.0-py3-none-any.whl (65 kB)
Using cached paddleocr-3.4.0-py3-none-any.whl (87 kB)
Using cached paddlex-3.4.3-py3-none-any.whl (2.0 MB)
Using cached PyYAML-6.0.2-cp310-cp310-win_amd64.whl (161 kB)
Downloading opencv_contrib_python-4.10.0.84-cp37-abi3-win_amd64.whl (45.5 MB)
2026-04-02 18:41:52,892 [WARNING] Cache packages for python-runtime failed with exit code 4294967295: D:\PaddleOCR\DigitOCR_Project\.venv\Scripts\python.exe -m pip download --requirement D:\PaddleOCR\DigitOCR_Project\requirements.txt --dest D:\PaddleOCR\DigitOCR_Project\.runtime\cache\pip --cache-dir D:\PaddleOCR\DigitOCR_Project\.runtime\cache\pip-http --prefer-binary
2026-04-02 18:41:52,892 [INFO] Retrying Cache packages for python-runtime in 6.0 seconds (attempt 3/3).
