2026-03-19 14:21:38,101 [INFO] Skipping bootstrap package upgrade by request.
2026-03-19 14:21:38,102 [INFO] Installing dependencies declared in D:\PaddleOCR\DigitOCR_Project\requirements.txt
2026-03-19 14:21:38,103 [INFO] [Cache packages for python-runtime] D:\PaddleOCR\DigitOCR_Project\.venv\Scripts\python.exe -m pip download --disable-pip-version-check --requirement D:\PaddleOCR\DigitOCR_Project\requirements.txt --dest D:\PaddleOCR\DigitOCR_Project\.runtime\cache\pip --cache-dir D:\PaddleOCR\DigitOCR_Project\.runtime\cache\pip-http --prefer-binary
2026-03-19 14:21:46,568 [INFO] Cache packages for python-runtime stdout:
Could not fetch URL https://pypi.org/simple/numpy/: There was a problem confirming the ssl certificate: HTTPSConnectionPool(host='pypi.org', port=443): Max retries exceeded with url: /simple/numpy/ (Caused by SSLError(SSLEOFError(8, 'EOF occurred in violation of protocol (_ssl.c:997)'))) - skipping
2026-03-19 14:21:46,572 [WARNING] Cache packages for python-runtime stderr:
WARNING: Retrying (Retry(total=4, connect=None, read=None, redirect=None, status=None)) after connection broken by 'SSLError(SSLEOFError(8, 'EOF occurred in violation of protocol (_ssl.c:997)'))': /simple/numpy/
WARNING: Retrying (Retry(total=3, connect=None, read=None, redirect=None, status=None)) after connection broken by 'SSLError(SSLEOFError(8, 'EOF occurred in violation of protocol (_ssl.c:997)'))': /simple/numpy/
WARNING: Retrying (Retry(total=2, connect=None, read=None, redirect=None, status=None)) after connection broken by 'SSLError(SSLEOFError(8, 'EOF occurred in violation of protocol (_ssl.c:997)'))': /simple/numpy/
WARNING: Retrying (Retry(total=1, connect=None, read=None, redirect=None, status=None)) after connection broken by 'SSLError(SSLEOFError(8, 'EOF occurred in violation of protocol (_ssl.c:997)'))': /simple/numpy/
WARNING: Retrying (Retry(total=0, connect=None, read=None, redirect=None, status=None)) after connection broken by 'SSLError(SSLEOFError(8, 'EOF occurred in violation of protocol (_ssl.c:997)'))': /simple/numpy/
ERROR: Could not find a version that satisfies the requirement numpy>=1.26.0 (from versions: none)
ERROR: No matching distribution found for numpy>=1.26.0
2026-03-19 14:21:46,572 [WARNING] Cache packages for python-runtime failed with exit code 1: D:\PaddleOCR\DigitOCR_Project\.venv\Scripts\python.exe -m pip download --disable-pip-version-check --requirement D:\PaddleOCR\DigitOCR_Project\requirements.txt --dest D:\PaddleOCR\DigitOCR_Project\.runtime\cache\pip --cache-dir D:\PaddleOCR\DigitOCR_Project\.runtime\cache\pip-http --prefer-binary
2026-03-19 14:21:46,572 [INFO] Retrying Cache packages for python-runtime in 3.0 seconds (attempt 2/3).
2026-03-19 14:21:49,572 [INFO] [Cache packages for python-runtime] D:\PaddleOCR\DigitOCR_Project\.venv\Scripts\python.exe -m pip download --disable-pip-version-check --requirement D:\PaddleOCR\DigitOCR_Project\requirements.txt --dest D:\PaddleOCR\DigitOCR_Project\.runtime\cache\pip --cache-dir D:\PaddleOCR\DigitOCR_Project\.runtime\cache\pip-http --prefer-binary
2026-03-19 14:21:58,112 [INFO] Cache packages for python-runtime stdout:
Could not fetch URL https://pypi.org/simple/numpy/: There was a problem confirming the ssl certificate: HTTPSConnectionPool(host='pypi.org', port=443): Max retries exceeded with url: /simple/numpy/ (Caused by SSLError(SSLEOFError(8, 'EOF occurred in violation of protocol (_ssl.c:997)'))) - skipping
2026-03-19 14:21:58,112 [WARNING] Cache packages for python-runtime stderr:
WARNING: Retrying (Retry(total=4, connect=None, read=None, redirect=None, status=None)) after connection broken by 'SSLError(SSLEOFError(8, 'EOF occurred in violation of protocol (_ssl.c:997)'))': /simple/numpy/
WARNING: Retrying (Retry(total=3, connect=None, read=None, redirect=None, status=None)) after connection broken by 'SSLError(SSLEOFError(8, 'EOF occurred in violation of protocol (_ssl.c:997)'))': /simple/numpy/
WARNING: Retrying (Retry(total=2, connect=None, read=None, redirect=None, status=None)) after connection broken by 'SSLError(SSLEOFError(8, 'EOF occurred in violation of protocol (_ssl.c:997)'))': /simple/numpy/
WARNING: Retrying (Retry(total=1, connect=None, read=None, redirect=None, status=None)) after connection broken by 'SSLError(SSLEOFError(8, 'EOF occurred in violation of protocol (_ssl.c:997)'))': /simple/numpy/
WARNING: Retrying (Retry(total=0, connect=None, read=None, redirect=None, status=None)) after connection broken by 'SSLError(SSLEOFError(8, 'EOF occurred in violation of protocol (_ssl.c:997)'))': /simple/numpy/
ERROR: Could not find a version that satisfies the requirement numpy>=1.26.0 (from versions: none)
ERROR: No matching distribution found for numpy>=1.26.0
2026-03-19 14:21:58,112 [WARNING] Cache packages for python-runtime failed with exit code 1: D:\PaddleOCR\DigitOCR_Project\.venv\Scripts\python.exe -m pip download --disable-pip-version-check --requirement D:\PaddleOCR\DigitOCR_Project\requirements.txt --dest D:\PaddleOCR\DigitOCR_Project\.runtime\cache\pip --cache-dir D:\PaddleOCR\DigitOCR_Project\.runtime\cache\pip-http --prefer-binary
2026-03-19 14:21:58,112 [INFO] Retrying Cache packages for python-runtime in 6.0 seconds (attempt 3/3).
2026-03-19 14:22:04,113 [INFO] [Cache packages for python-runtime] D:\PaddleOCR\DigitOCR_Project\.venv\Scripts\python.exe -m pip download --disable-pip-version-check --requirement D:\PaddleOCR\DigitOCR_Project\requirements.txt --dest D:\PaddleOCR\DigitOCR_Project\.runtime\cache\pip --cache-dir D:\PaddleOCR\DigitOCR_Project\.runtime\cache\pip-http --prefer-binary
2026-03-19 14:22:12,840 [INFO] Cache packages for python-runtime stdout:
Could not fetch URL https://pypi.org/simple/numpy/: There was a problem confirming the ssl certificate: HTTPSConnectionPool(host='pypi.org', port=443): Max retries exceeded with url: /simple/numpy/ (Caused by SSLError(SSLEOFError(8, 'EOF occurred in violation of protocol (_ssl.c:997)'))) - skipping
2026-03-19 14:22:12,840 [WARNING] Cache packages for python-runtime stderr:
WARNING: Retrying (Retry(total=4, connect=None, read=None, redirect=None, status=None)) after connection broken by 'SSLError(SSLEOFError(8, 'EOF occurred in violation of protocol (_ssl.c:997)'))': /simple/numpy/
WARNING: Retrying (Retry(total=3, connect=None, read=None, redirect=None, status=None)) after connection broken by 'SSLError(SSLEOFError(8, 'EOF occurred in violation of protocol (_ssl.c:997)'))': /simple/numpy/
WARNING: Retrying (Retry(total=2, connect=None, read=None, redirect=None, status=None)) after connection broken by 'SSLError(SSLEOFError(8, 'EOF occurred in violation of protocol (_ssl.c:997)'))': /simple/numpy/
WARNING: Retrying (Retry(total=1, connect=None, read=None, redirect=None, status=None)) after connection broken by 'SSLError(SSLEOFError(8, 'EOF occurred in violation of protocol (_ssl.c:997)'))': /simple/numpy/
WARNING: Retrying (Retry(total=0, connect=None, read=None, redirect=None, status=None)) after connection broken by 'SSLError(SSLEOFError(8, 'EOF occurred in violation of protocol (_ssl.c:997)'))': /simple/numpy/
ERROR: Could not find a version that satisfies the requirement numpy>=1.26.0 (from versions: none)
ERROR: No matching distribution found for numpy>=1.26.0
2026-03-19 14:22:12,840 [WARNING] Cache packages for python-runtime failed with exit code 1: D:\PaddleOCR\DigitOCR_Project\.venv\Scripts\python.exe -m pip download --disable-pip-version-check --requirement D:\PaddleOCR\DigitOCR_Project\requirements.txt --dest D:\PaddleOCR\DigitOCR_Project\.runtime\cache\pip --cache-dir D:\PaddleOCR\DigitOCR_Project\.runtime\cache\pip-http --prefer-binary
2026-03-19 14:22:12,841 [INFO] [Install Python dependencies from python-runtime] D:\PaddleOCR\DigitOCR_Project\.venv\Scripts\python.exe -m pip install --disable-pip-version-check --requirement D:\PaddleOCR\DigitOCR_Project\requirements.txt --cache-dir D:\PaddleOCR\DigitOCR_Project\.runtime\cache\pip-http --find-links D:\PaddleOCR\DigitOCR_Project\.runtime\cache\pip --prefer-binary --upgrade-strategy only-if-needed
2026-03-19 14:22:14,480 [INFO] Install Python dependencies from python-runtime stdout:
Looking in links: d:\PaddleOCR\DigitOCR_Project\.runtime\cache\pip
Requirement already satisfied: numpy>=1.26.0 in .\.venv\lib\site-packages (from -r D:\PaddleOCR\DigitOCR_Project\requirements.txt (line 1)) (2.2.6)
Requirement already satisfied: opencv-python>=4.9.0 in .\.venv\lib\site-packages (from -r D:\PaddleOCR\DigitOCR_Project\requirements.txt (line 2)) (4.13.0.92)
Requirement already satisfied: paddlepaddle>=3.0.0 in .\.venv\lib\site-packages (from -r D:\PaddleOCR\DigitOCR_Project\requirements.txt (line 3)) (3.3.0)
Requirement already satisfied: paddleocr>=3.0.0 in .\.venv\lib\site-packages (from -r D:\PaddleOCR\DigitOCR_Project\requirements.txt (line 4)) (3.4.0)
Requirement already satisfied: Pillow>=10.0.0 in .\.venv\lib\site-packages (from -r D:\PaddleOCR\DigitOCR_Project\requirements.txt (line 5)) (12.1.1)
Requirement already satisfied: httpx in .\.venv\lib\site-packages (from paddlepaddle>=3.0.0->-r D:\PaddleOCR\DigitOCR_Project\requirements.txt (line 3)) (0.28.1)
Requirement already satisfied: protobuf>=3.20.2 in .\.venv\lib\site-packages (from paddlepaddle>=3.0.0->-r D:\PaddleOCR\DigitOCR_Project\requirements.txt (line 3)) (7.34.0)
Requirement already satisfied: opt-einsum==3.3.0 in .\.venv\lib\site-packages (from paddlepaddle>=3.0.0->-r D:\PaddleOCR\DigitOCR_Project\requirements.txt (line 3)) (3.3.0)
Requirement already satisfied: networkx in .\.venv\lib\site-packages (from paddlepaddle>=3.0.0->-r D:\PaddleOCR\DigitOCR_Project\requirements.txt (line 3)) (3.4.2)
Requirement already satisfied: typing-extensions in .\.venv\lib\site-packages (from paddlepaddle>=3.0.0->-r D:\PaddleOCR\DigitOCR_Project\requirements.txt (line 3)) (4.15.0)
Requirement already satisfied: safetensors>=0.6.0 in .\.venv\lib\site-packages (from paddlepaddle>=3.0.0->-r D:\PaddleOCR\DigitOCR_Project\requirements.txt (line 3)) (0.7.0)
Requirement already satisfied: paddlex<3.5.0,>=3.4.0 in .\.venv\lib\site-packages (from paddlex[ocr-core]<3.5.0,>=3.4.0->paddleocr>=3.0.0->-r D:\PaddleOCR\DigitOCR_Project\requirements.txt (line 4)) (3.4.2)
Requirement already satisfied: PyYAML>=6 in .\.venv\lib\site-packages (from paddleocr>=3.0.0->-r D:\PaddleOCR\DigitOCR_Project\requirements.txt (line 4)) (6.0.2)
Requirement already satisfied: requests in .\.venv\lib\site-packages (from paddleocr>=3.0.0->-r D:\PaddleOCR\DigitOCR_Project\requirements.txt (line 4)) (2.32.5)
Requirement already satisfied: aistudio-sdk>=0.3.5 in .\.venv\lib\site-packages (from paddlex<3.5.0,>=3.4.0->paddlex[ocr-core]<3.5.0,>=3.4.0->paddleocr>=3.0.0->-r D:\PaddleOCR\DigitOCR_Project\requirements.txt (line 4)) (0.3.8)
Requirement already satisfied: chardet in .\.venv\lib\site-packages (from paddlex<3.5.0,>=3.4.0->paddlex[ocr-core]<3.5.0,>=3.4.0->paddleocr>=3.0.0->-r D:\PaddleOCR\DigitOCR_Project\requirements.txt (line 4)) (7.1.0)
Requirement already satisfied: colorlog in .\.venv\lib\site-packages (from paddlex<3.5.0,>=3.4.0->paddlex[ocr-core]<3.5.0,>=3.4.0->paddleocr>=3.0.0->-r D:\PaddleOCR\DigitOCR_Project\requirements.txt (line 4)) (6.10.1)
Requirement already satisfied: filelock in .\.venv\lib\site-packages (from paddlex<3.5.0,>=3.4.0->paddlex[ocr-core]<3.5.0,>=3.4.0->paddleocr>=3.0.0->-r D:\PaddleOCR\DigitOCR_Project\requirements.txt (line 4)) (3.25.2)
Requirement already satisfied: huggingface-hub in .\.venv\lib\site-packages (from paddlex<3.5.0,>=3.4.0->paddlex[ocr-core]<3.5.0,>=3.4.0->paddleocr>=3.0.0->-r D:\PaddleOCR\DigitOCR_Project\requirements.txt (line 4)) (1.7.1)
Requirement already satisfied: modelscope>=1.28.0 in .\.venv\lib\site-packages (from paddlex<3.5.0,>=3.4.0->paddlex[ocr-core]<3.5.0,>=3.4.0->paddleocr>=3.0.0->-r D:\PaddleOCR\DigitOCR_Project\requirements.txt (line 4)) (1.35.0)
Requirement already satisfied: packaging in .\.venv\lib\site-packages (from paddlex<3.5.0,>=3.4.0->paddlex[ocr-core]<3.5.0,>=3.4.0->paddleocr>=3.0.0->-r D:\PaddleOCR\DigitOCR_Project\requirements.txt (line 4)) (26.0)
Requirement already satisfied: pandas>=1.3 in .\.venv\lib\site-packages (from paddlex<3.5.0,>=3.4.0->paddlex[ocr-core]<3.5.0,>=3.4.0->paddleocr>=3.0.0->-r D:\PaddleOCR\DigitOCR_Project\requirements.txt (line 4)) (2.3.3)
Requirement already satisfied: prettytable in .\.venv\lib\site-packages (from paddlex<3.5.0,>=3.4.0->paddlex[ocr-core]<3.5.0,>=3.4.0->paddleocr>=3.0.0->-r D:\PaddleOCR\DigitOCR_Project\requirements.txt (line 4)) (3.17.0)
Requirement already satisfied: py-cpuinfo in .\.venv\lib\site-packages (from paddlex<3.5.0,>=3.4.0->paddlex[ocr-core]<3.5.0,>=3.4.0->paddleocr>=3.0.0->-r D:\PaddleOCR\DigitOCR_Project\requirements.txt (line 4)) (9.0.0)
Requirement already satisfied: pydantic>=2 in .\.venv\lib\site-packages (from paddlex<3.5.0,>=3.4.0->paddlex[ocr-core]<3.5.0,>=3.4.0->paddleocr>=3.0.0->-r D:\PaddleOCR\DigitOCR_Project\requirements.txt (line 4)) (2.12.5)
Requirement already satisfied: ruamel.yaml in .\.venv\lib\site-packages (from paddlex<3.5.0,>=3.4.0->paddlex[ocr-core]<3.5.0,>=3.4.0->paddleocr>=3.0.0->-r D:\PaddleOCR\DigitOCR_Project\requirements.txt (line 4)) (0.19.1)
Requirement already satisfied: ujson in .\.venv\lib\site-packages (from paddlex<3.5.0,>=3.4.0->paddlex[ocr-core]<3.5.0,>=3.4.0->paddleocr>=3.0.0->-r D:\PaddleOCR\DigitOCR_Project\requirements.txt (line 4)) (5.12.0)
Requirement already satisfied: imagesize in .\.venv\lib\site-packages (from paddlex[ocr-core]<3.5.0,>=3.4.0->paddleocr>=3.0.0->-r D:\PaddleOCR\DigitOCR_Project\requirements.txt (line 4)) (2.0.0)
Requirement already satisfied: opencv-contrib-python==4.10.0.84 in .\.venv\lib\site-packages (from paddlex[ocr-core]<3.5.0,>=3.4.0->paddleocr>=3.0.0->-r D:\PaddleOCR\DigitOCR_Project\requirements.txt (line 4)) (4.10.0.84)
Requirement already satisfied: pyclipper in .\.venv\lib\site-packages (from paddlex[ocr-core]<3.5.0,>=3.4.0->paddleocr>=3.0.0->-r D:\PaddleOCR\DigitOCR_Project\requirements.txt (line 4)) (1.4.0)
Requirement already satisfied: pypdfium2>=4 in .\.venv\lib\site-packages (from paddlex[ocr-core]<3.5.0,>=3.4.0->paddleocr>=3.0.0->-r D:\PaddleOCR\DigitOCR_Project\requirements.txt (line 4)) (5.6.0)
Requirement already satisfied: python-bidi in .\.venv\lib\site-packages (from paddlex[ocr-core]<3.5.0,>=3.4.0->paddleocr>=3.0.0->-r D:\PaddleOCR\DigitOCR_Project\requirements.txt (line 4)) (0.6.7)
Requirement already satisfied: shapely in .\.venv\lib\site-packages (from paddlex[ocr-core]<3.5.0,>=3.4.0->paddleocr>=3.0.0->-r D:\PaddleOCR\DigitOCR_Project\requirements.txt (line 4)) (2.1.2)
Requirement already satisfied: psutil in .\.venv\lib\site-packages (from aistudio-sdk>=0.3.5->paddlex<3.5.0,>=3.4.0->paddlex[ocr-core]<3.5.0,>=3.4.0->paddleocr>=3.0.0->-r D:\PaddleOCR\DigitOCR_Project\requirements.txt (line 4)) (7.2.2)
Requirement already satisfied: tqdm in .\.venv\lib\site-packages (from aistudio-sdk>=0.3.5->paddlex<3.5.0,>=3.4.0->paddlex[ocr-core]<3.5.0,>=3.4.0->paddleocr>=3.0.0->-r D:\PaddleOCR\DigitOCR_Project\requirements.txt (line 4)) (4.67.3)
Requirement already satisfied: bce-python-sdk in .\.venv\lib\site-packages (from aistudio-sdk>=0.3.5->paddlex<3.5.0,>=3.4.0->paddlex[ocr-core]<3.5.0,>=3.4.0->paddleocr>=3.0.0->-r D:\PaddleOCR\DigitOCR_Project\requirements.txt (line 4)) (0.9.63)
Requirement already satisfied: click in .\.venv\lib\site-packages (from aistudio-sdk>=0.3.5->paddlex<3.5.0,>=3.4.0->paddlex[ocr-core]<3.5.0,>=3.4.0->paddleocr>=3.0.0->-r D:\PaddleOCR\DigitOCR_Project\requirements.txt (line 4)) (8.3.1)
Requirement already satisfied: setuptools in .\.venv\lib\site-packages (from modelscope>=1.28.0->paddlex<3.5.0,>=3.4.0->paddlex[ocr-core]<3.5.0,>=3.4.0->paddleocr>=3.0.0->-r D:\PaddleOCR\DigitOCR_Project\requirements.txt (line 4)) (82.0.1)
Requirement already satisfied: urllib3>=1.26 in .\.venv\lib\site-packages (from modelscope>=1.28.0->paddlex<3.5.0,>=3.4.0->paddlex[ocr-core]<3.5.0,>=3.4.0->paddleocr>=3.0.0->-r D:\PaddleOCR\DigitOCR_Project\requirements.txt (line 4)) (2.6.3)
Requirement already satisfied: python-dateutil>=2.8.2 in .\.venv\lib\site-packages (from pandas>=1.3->paddlex<3.5.0,>=3.4.0->paddlex[ocr-core]<3.5.0,>=3.4.0->paddleocr>=3.0.0->-r D:\PaddleOCR\DigitOCR_Project\requirements.txt (line 4)) (2.9.0.post0)
Requirement already satisfied: pytz>=2020.1 in .\.venv\lib\site-packages (from pandas>=1.3->paddlex<3.5.0,>=3.4.0->paddlex[ocr-core]<3.5.0,>=3.4.0->paddleocr>=3.0.0->-r D:\PaddleOCR\DigitOCR_Project\requirements.txt (line 4)) (2026.1.post1)
Requirement already satisfied: tzdata>=2022.7 in .\.venv\lib\site-packages (from pandas>=1.3->paddlex<3.5.0,>=3.4.0->paddlex[ocr-core]<3.5.0,>=3.4.0->paddleocr>=3.0.0->-r D:\PaddleOCR\DigitOCR_Project\requirements.txt (line 4)) (2025.3)
Requirement already satisfied: annotated-types>=0.6.0 in .\.venv\lib\site-packages (from pydantic>=2->paddlex<3.5.0,>=3.4.0->paddlex[ocr-core]<3.5.0,>=3.4.0->paddleocr>=3.0.0->-r D:\PaddleOCR\DigitOCR_Project\requirements.txt (line 4)) (0.7.0)
Requirement already satisfied: pydantic-core==2.41.5 in .\.venv\lib\site-packages (from pydantic>=2->paddlex<3.5.0,>=3.4.0->paddlex[ocr-core]<3.5.0,>=3.4.0->paddleocr>=3.0.0->-r D:\PaddleOCR\DigitOCR_Project\requirements.txt (line 4)) (2.41.5)
Requirement already satisfied: typing-inspection>=0.4.2 in .\.venv\lib\site-packages (from pydantic>=2->paddlex<3.5.0,>=3.4.0->paddlex[ocr-core]<3.5.0,>=3.4.0->paddleocr>=3.0.0->-r D:\PaddleOCR\DigitOCR_Project\requirements.txt (line 4)) (0.4.2)
Requirement already satisfied: six>=1.5 in .\.venv\lib\site-packages (from python-dateutil>=2.8.2->pandas>=1.3->paddlex<3.5.0,>=3.4.0->paddlex[ocr-core]<3.5.0,>=3.4.0->paddleocr>=3.0.0->-r D:\PaddleOCR\DigitOCR_Project\requirements.txt (line 4)) (1.17.0)
Requirement already satisfied: charset_normalizer<4,>=2 in .\.venv\lib\site-packages (from requests->paddleocr>=3.0.0->-r D:\PaddleOCR\DigitOCR_Project\requirements.txt (line 4)) (3.4.5)
Requirement already satisfied: idna<4,>=2.5 in .\.venv\lib\site-packages (from requests->paddleocr>=3.0.0->-r D:\PaddleOCR\DigitOCR_Project\requirements.txt (line 4)) (3.11)
Requirement already satisfied: certifi>=2017.4.17 in .\.venv\lib\site-packages (from requests->paddleocr>=3.0.0->-r D:\PaddleOCR\DigitOCR_Project\requirements.txt (line 4)) (2026.2.25)
Requirement already satisfied: colorama in .\.venv\lib\site-packages (from tqdm->aistudio-sdk>=0.3.5->paddlex<3.5.0,>=3.4.0->paddlex[ocr-core]<3.5.0,>=3.4.0->paddleocr>=3.0.0->-r D:\PaddleOCR\DigitOCR_Project\requirements.txt (line 4)) (0.4.6)
Requirement already satisfied: pycryptodome>=3.8.0 in .\.venv\lib\site-packages (from bce-python-sdk->aistudio-sdk>=0.3.5->paddlex<3.5.0,>=3.4.0->paddlex[ocr-core]<3.5.0,>=3.4.0->paddleocr>=3.0.0->-r D:\PaddleOCR\DigitOCR_Project\requirements.txt (line 4)) (3.23.0)
Requirement already satisfied: future>=0.6.0 in .\.venv\lib\site-packages (from bce-python-sdk->aistudio-sdk>=0.3.5->paddlex<3.5.0,>=3.4.0->paddlex[ocr-core]<3.5.0,>=3.4.0->paddleocr>=3.0.0->-r D:\PaddleOCR\DigitOCR_Project\requirements.txt (line 4)) (1.0.0)
Requirement already satisfied: anyio in .\.venv\lib\site-packages (from httpx->paddlepaddle>=3.0.0->-r D:\PaddleOCR\DigitOCR_Project\requirements.txt (line 3)) (4.12.1)
Requirement already satisfied: httpcore==1.* in .\.venv\lib\site-packages (from httpx->paddlepaddle>=3.0.0->-r D:\PaddleOCR\DigitOCR_Project\requirements.txt (line 3)) (1.0.9)
Requirement already satisfied: h11>=0.16 in .\.venv\lib\site-packages (from httpcore==1.*->httpx->paddlepaddle>=3.0.0->-r D:\PaddleOCR\DigitOCR_Project\requirements.txt (line 3)) (0.16.0)
Requirement already satisfied: exceptiongroup>=1.0.2 in .\.venv\lib\site-packages (from anyio->httpx->paddlepaddle>=3.0.0->-r D:\PaddleOCR\DigitOCR_Project\requirements.txt (line 3)) (1.3.1)
Requirement already satisfied: fsspec>=2023.5.0 in .\.venv\lib\site-packages (from huggingface-hub->paddlex<3.5.0,>=3.4.0->paddlex[ocr-core]<3.5.0,>=3.4.0->paddleocr>=3.0.0->-r D:\PaddleOCR\DigitOCR_Project\requirements.txt (line 4)) (2026.2.0)
Requirement already satisfied: hf-xet<2.0.0,>=1.4.2 in .\.venv\lib\site-packages (from huggingface-hub->paddlex<3.5.0,>=3.4.0->paddlex[ocr-core]<3.5.0,>=3.4.0->paddleocr>=3.0.0->-r D:\PaddleOCR\DigitOCR_Project\requirements.txt (line 4)) (1.4.2)
Requirement already satisfied: typer in .\.venv\lib\site-packages (from huggingface-hub->paddlex<3.5.0,>=3.4.0->paddlex[ocr-core]<3.5.0,>=3.4.0->paddleocr>=3.0.0->-r D:\PaddleOCR\DigitOCR_Project\requirements.txt (line 4)) (0.24.1)
Requirement already satisfied: wcwidth in .\.venv\lib\site-packages (from prettytable->paddlex<3.5.0,>=3.4.0->paddlex[ocr-core]<3.5.0,>=3.4.0->paddleocr>=3.0.0->-r D:\PaddleOCR\DigitOCR_Project\requirements.txt (line 4)) (0.6.0)
Requirement already satisfied: shellingham>=1.3.0 in .\.venv\lib\site-packages (from typer->huggingface-hub->paddlex<3.5.0,>=3.4.0->paddlex[ocr-core]<3.5.0,>=3.4.0->paddleocr>=3.0.0->-r D:\PaddleOCR\DigitOCR_Project\requirements.txt (line 4)) (1.5.4)
Requirement already satisfied: rich>=12.3.0 in .\.venv\lib\site-packages (from typer->huggingface-hub->paddlex<3.5.0,>=3.4.0->paddlex[ocr-core]<3.5.0,>=3.4.0->paddleocr>=3.0.0->-r D:\PaddleOCR\DigitOCR_Project\requirements.txt (line 4)) (14.3.3)
Requirement already satisfied: annotated-doc>=0.0.2 in .\.venv\lib\site-packages (from typer->huggingface-hub->paddlex<3.5.0,>=3.4.0->paddlex[ocr-core]<3.5.0,>=3.4.0->paddleocr>=3.0.0->-r D:\PaddleOCR\DigitOCR_Project\requirements.txt (line 4)) (0.0.4)
Requirement already satisfied: markdown-it-py>=2.2.0 in .\.venv\lib\site-packages (from rich>=12.3.0->typer->huggingface-hub->paddlex<3.5.0,>=3.4.0->paddlex[ocr-core]<3.5.0,>=3.4.0->paddleocr>=3.0.0->-r D:\PaddleOCR\DigitOCR_Project\requirements.txt (line 4)) (4.0.0)
Requirement already satisfied: pygments<3.0.0,>=2.13.0 in .\.venv\lib\site-packages (from rich>=12.3.0->typer->huggingface-hub->paddlex<3.5.0,>=3.4.0->paddlex[ocr-core]<3.5.0,>=3.4.0->paddleocr>=3.0.0->-r D:\PaddleOCR\DigitOCR_Project\requirements.txt (line 4)) (2.19.2)
Requirement already satisfied: mdurl~=0.1 in .\.venv\lib\site-packages (from markdown-it-py>=2.2.0->rich>=12.3.0->typer->huggingface-hub->paddlex<3.5.0,>=3.4.0->paddlex[ocr-core]<3.5.0,>=3.4.0->paddleocr>=3.0.0->-r D:\PaddleOCR\DigitOCR_Project\requirements.txt (line 4)) (0.1.2)
2026-03-19 14:22:14,481 [INFO] Skipping optional manifest D:\PaddleOCR\DigitOCR_Project\package.json because it does not exist.
2026-03-19 14:22:14,485 [INFO] Bootstrap completed successfully.
2026-03-19 14:22:14,485 [INFO] JSON report: D:\PaddleOCR\DigitOCR_Project\.runtime\bootstrap\reports\bootstrap-20260319-142138.json
