2026-03-19 21:35:08,396 [INFO] [Upgrade bootstrap packages] D:\PaddleOCR\DigitOCR_Project\.venv\Scripts\python.exe -m pip install --upgrade --cache-dir D:\PaddleOCR\DigitOCR_Project\.runtime\cache\pip-http pip setuptools wheel
2026-03-19 21:35:08,435 [INFO] [Upgrade bootstrap packages] D:\PaddleOCR\DigitOCR_Project\.venv\Scripts\python.exe -m pip install --upgrade --cache-dir D:\PaddleOCR\DigitOCR_Project\.runtime\cache\pip-http pip setuptools wheel
2026-03-19 21:35:32,259 [INFO] Upgrade bootstrap packages stdout:
Requirement already satisfied: pip in .\.venv\lib\site-packages (26.0.1)
Could not fetch URL https://pypi.org/simple/pip/: There was a problem confirming the ssl certificate: HTTPSConnectionPool(host='pypi.org', port=443): Max retries exceeded with url: /simple/pip/ (Caused by SSLError(SSLEOFError(8, 'EOF occurred in violation of protocol (_ssl.c:997)'))) - skipping
Requirement already satisfied: setuptools in .\.venv\lib\site-packages (82.0.1)
Could not fetch URL https://pypi.org/simple/setuptools/: There was a problem confirming the ssl certificate: HTTPSConnectionPool(host='pypi.org', port=443): Max retries exceeded with url: /simple/setuptools/ (Caused by SSLError(SSLEOFError(8, 'EOF occurred in violation of protocol (_ssl.c:997)'))) - skipping
Requirement already satisfied: wheel in .\.venv\lib\site-packages (0.46.3)
Could not fetch URL https://pypi.org/simple/wheel/: There was a problem confirming the ssl certificate: HTTPSConnectionPool(host='pypi.org', port=443): Max retries exceeded with url: /simple/wheel/ (Caused by SSLError(SSLEOFError(8, 'EOF occurred in violation of protocol (_ssl.c:997)'))) - skipping
Requirement already satisfied: packaging>=24.0 in .\.venv\lib\site-packages (from wheel) (26.0)
Could not fetch URL https://pypi.org/simple/pip/: There was a problem confirming the ssl certificate: HTTPSConnectionPool(host='pypi.org', port=443): Max retries exceeded with url: /simple/pip/ (Caused by SSLError(SSLEOFError(8, 'EOF occurred in violation of protocol (_ssl.c:997)'))) - skipping
2026-03-19 21:35:32,261 [WARNING] Upgrade bootstrap packages stderr:
WARNING: Retrying (Retry(total=4, connect=None, read=None, redirect=None, status=None)) after connection broken by 'SSLError(SSLEOFError(8, 'EOF occurred in violation of protocol (_ssl.c:997)'))': /simple/pip/
WARNING: Retrying (Retry(total=3, connect=None, read=None, redirect=None, status=None)) after connection broken by 'SSLError(SSLEOFError(8, 'EOF occurred in violation of protocol (_ssl.c:997)'))': /simple/pip/
WARNING: Retrying (Retry(total=2, connect=None, read=None, redirect=None, status=None)) after connection broken by 'SSLError(SSLEOFError(8, 'EOF occurred in violation of protocol (_ssl.c:997)'))': /simple/pip/
WARNING: Retrying (Retry(total=1, connect=None, read=None, redirect=None, status=None)) after connection broken by 'SSLError(SSLEOFError(8, 'EOF occurred in violation of protocol (_ssl.c:997)'))': /simple/pip/
WARNING: Retrying (Retry(total=0, connect=None, read=None, redirect=None, status=None)) after connection broken by 'SSLError(SSLEOFError(8, 'EOF occurred in violation of protocol (_ssl.c:997)'))': /simple/pip/
WARNING: Retrying (Retry(total=4, connect=None, read=None, redirect=None, status=None)) after connection broken by 'SSLError(SSLEOFError(8, 'EOF occurred in violation of protocol (_ssl.c:997)'))': /simple/setuptools/
WARNING: Retrying (Retry(total=3, connect=None, read=None, redirect=None, status=None)) after connection broken by 'SSLError(SSLEOFError(8, 'EOF occurred in violation of protocol (_ssl.c:997)'))': /simple/setuptools/
WARNING: Retrying (Retry(total=2, connect=None, read=None, redirect=None, status=None)) after connection broken by 'SSLError(SSLEOFError(8, 'EOF occurred in violation of protocol (_ssl.c:997)'))': /simple/setuptools/
WARNING: Retrying (Retry(total=1, connect=None, read=None, redirect=None, status=None)) after connection broken by 'SSLError(SSLEOFError(8, 'EOF occurred in violation of protocol (_ssl.c:997)'))': /simple/setuptools/
WARNING: Retrying (Retry(total=0, connect=None, read=None, redirect=None, status=None)) after connection broken by 'SSLError(SSLEOFError(8, 'EOF occurred in violation of protocol (_ssl.c:997)'))': /simple/setuptools/
WARNING: Retrying (Retry(total=4, connect=None, read=None, redirect=None, status=None)) after connection broken by 'SSLError(SSLEOFError(8, 'EOF occurred in violation of protocol (_ssl.c:997)'))': /simple/wheel/
WARNING: Retrying (Retry(total=3, connect=None, read=None, redirect=None, status=None)) after connection broken by 'SSLError(SSLEOFError(8, 'EOF occurred in violation of protocol (_ssl.c:997)'))': /simple/wheel/
WARNING: Retrying (Retry(total=2, connect=None, read=None, redirect=None, status=None)) after connection broken by 'SSLError(SSLEOFError(8, 'EOF occurred in violation of protocol (_ssl.c:997)'))': /simple/wheel/
WARNING: Retrying (Retry(total=1, connect=None, read=None, redirect=None, status=None)) after connection broken by 'SSLError(SSLEOFError(8, 'EOF occurred in violation of protocol (_ssl.c:997)'))': /simple/wheel/
WARNING: Retrying (Retry(total=0, connect=None, read=None, redirect=None, status=None)) after connection broken by 'SSLError(SSLEOFError(8, 'EOF occurred in violation of protocol (_ssl.c:997)'))': /simple/wheel/
2026-03-19 21:35:32,262 [INFO] Installing dependencies declared in D:\PaddleOCR\DigitOCR_Project\requirements.txt
2026-03-19 21:35:32,262 [INFO] [Cache packages for python-runtime] D:\PaddleOCR\DigitOCR_Project\.venv\Scripts\python.exe -m pip download --requirement D:\PaddleOCR\DigitOCR_Project\requirements.txt --dest D:\PaddleOCR\DigitOCR_Project\.runtime\cache\pip --cache-dir D:\PaddleOCR\DigitOCR_Project\.runtime\cache\pip-http --prefer-binary
2026-03-19 21:35:32,263 [INFO] Upgrade bootstrap packages stdout:
Requirement already satisfied: pip in .\.venv\lib\site-packages (26.0.1)
Could not fetch URL https://pypi.org/simple/pip/: There was a problem confirming the ssl certificate: HTTPSConnectionPool(host='pypi.org', port=443): Max retries exceeded with url: /simple/pip/ (Caused by SSLError(SSLEOFError(8, 'EOF occurred in violation of protocol (_ssl.c:997)'))) - skipping
Requirement already satisfied: setuptools in .\.venv\lib\site-packages (82.0.1)
Could not fetch URL https://pypi.org/simple/setuptools/: There was a problem confirming the ssl certificate: HTTPSConnectionPool(host='pypi.org', port=443): Max retries exceeded with url: /simple/setuptools/ (Caused by SSLError(SSLEOFError(8, 'EOF occurred in violation of protocol (_ssl.c:997)'))) - skipping
Requirement already satisfied: wheel in .\.venv\lib\site-packages (0.46.3)
Could not fetch URL https://pypi.org/simple/wheel/: There was a problem confirming the ssl certificate: HTTPSConnectionPool(host='pypi.org', port=443): Max retries exceeded with url: /simple/wheel/ (Caused by SSLError(SSLEOFError(8, 'EOF occurred in violation of protocol (_ssl.c:997)'))) - skipping
Requirement already satisfied: packaging>=24.0 in .\.venv\lib\site-packages (from wheel) (26.0)
Could not fetch URL https://pypi.org/simple/pip/: There was a problem confirming the ssl certificate: HTTPSConnectionPool(host='pypi.org', port=443): Max retries exceeded with url: /simple/pip/ (Caused by SSLError(SSLEOFError(8, 'EOF occurred in violation of protocol (_ssl.c:997)'))) - skipping
2026-03-19 21:35:32,263 [WARNING] Upgrade bootstrap packages stderr:
WARNING: Retrying (Retry(total=4, connect=None, read=None, redirect=None, status=None)) after connection broken by 'SSLError(SSLEOFError(8, 'EOF occurred in violation of protocol (_ssl.c:997)'))': /simple/pip/
WARNING: Retrying (Retry(total=3, connect=None, read=None, redirect=None, status=None)) after connection broken by 'SSLError(SSLEOFError(8, 'EOF occurred in violation of protocol (_ssl.c:997)'))': /simple/pip/
WARNING: Retrying (Retry(total=2, connect=None, read=None, redirect=None, status=None)) after connection broken by 'SSLError(SSLEOFError(8, 'EOF occurred in violation of protocol (_ssl.c:997)'))': /simple/pip/
WARNING: Retrying (Retry(total=1, connect=None, read=None, redirect=None, status=None)) after connection broken by 'SSLError(SSLEOFError(8, 'EOF occurred in violation of protocol (_ssl.c:997)'))': /simple/pip/
WARNING: Retrying (Retry(total=0, connect=None, read=None, redirect=None, status=None)) after connection broken by 'SSLError(SSLEOFError(8, 'EOF occurred in violation of protocol (_ssl.c:997)'))': /simple/pip/
WARNING: Retrying (Retry(total=4, connect=None, read=None, redirect=None, status=None)) after connection broken by 'SSLError(SSLEOFError(8, 'EOF occurred in violation of protocol (_ssl.c:997)'))': /simple/setuptools/
WARNING: Retrying (Retry(total=3, connect=None, read=None, redirect=None, status=None)) after connection broken by 'SSLError(SSLEOFError(8, 'EOF occurred in violation of protocol (_ssl.c:997)'))': /simple/setuptools/
WARNING: Retrying (Retry(total=2, connect=None, read=None, redirect=None, status=None)) after connection broken by 'SSLError(SSLEOFError(8, 'EOF occurred in violation of protocol (_ssl.c:997)'))': /simple/setuptools/
WARNING: Retrying (Retry(total=1, connect=None, read=None, redirect=None, status=None)) after connection broken by 'SSLError(SSLEOFError(8, 'EOF occurred in violation of protocol (_ssl.c:997)'))': /simple/setuptools/
WARNING: Retrying (Retry(total=0, connect=None, read=None, redirect=None, status=None)) after connection broken by 'SSLError(SSLEOFError(8, 'EOF occurred in violation of protocol (_ssl.c:997)'))': /simple/setuptools/
WARNING: Retrying (Retry(total=4, connect=None, read=None, redirect=None, status=None)) after connection broken by 'SSLError(SSLEOFError(8, 'EOF occurred in violation of protocol (_ssl.c:997)'))': /simple/wheel/
WARNING: Retrying (Retry(total=3, connect=None, read=None, redirect=None, status=None)) after connection broken by 'SSLError(SSLEOFError(8, 'EOF occurred in violation of protocol (_ssl.c:997)'))': /simple/wheel/
WARNING: Retrying (Retry(total=2, connect=None, read=None, redirect=None, status=None)) after connection broken by 'SSLError(SSLEOFError(8, 'EOF occurred in violation of protocol (_ssl.c:997)'))': /simple/wheel/
WARNING: Retrying (Retry(total=1, connect=None, read=None, redirect=None, status=None)) after connection broken by 'SSLError(SSLEOFError(8, 'EOF occurred in violation of protocol (_ssl.c:997)'))': /simple/wheel/
WARNING: Retrying (Retry(total=0, connect=None, read=None, redirect=None, status=None)) after connection broken by 'SSLError(SSLEOFError(8, 'EOF occurred in violation of protocol (_ssl.c:997)'))': /simple/wheel/
2026-03-19 21:35:32,265 [INFO] Installing dependencies declared in D:\PaddleOCR\DigitOCR_Project\requirements.txt
2026-03-19 21:35:32,266 [INFO] [Cache packages for python-runtime] D:\PaddleOCR\DigitOCR_Project\.venv\Scripts\python.exe -m pip download --requirement D:\PaddleOCR\DigitOCR_Project\requirements.txt --dest D:\PaddleOCR\DigitOCR_Project\.runtime\cache\pip --cache-dir D:\PaddleOCR\DigitOCR_Project\.runtime\cache\pip-http --prefer-binary
2026-03-19 21:35:40,420 [INFO] Cache packages for python-runtime stdout:
Could not fetch URL https://pypi.org/simple/numpy/: There was a problem confirming the ssl certificate: HTTPSConnectionPool(host='pypi.org', port=443): Max retries exceeded with url: /simple/numpy/ (Caused by SSLError(SSLEOFError(8, 'EOF occurred in violation of protocol (_ssl.c:997)'))) - skipping
Could not fetch URL https://pypi.org/simple/pip/: There was a problem confirming the ssl certificate: HTTPSConnectionPool(host='pypi.org', port=443): Max retries exceeded with url: /simple/pip/ (Caused by SSLError(SSLEOFError(8, 'EOF occurred in violation of protocol (_ssl.c:997)'))) - skipping
2026-03-19 21:35:40,420 [WARNING] Cache packages for python-runtime stderr:
WARNING: Retrying (Retry(total=4, connect=None, read=None, redirect=None, status=None)) after connection broken by 'SSLError(SSLEOFError(8, 'EOF occurred in violation of protocol (_ssl.c:997)'))': /simple/numpy/
WARNING: Retrying (Retry(total=3, connect=None, read=None, redirect=None, status=None)) after connection broken by 'SSLError(SSLEOFError(8, 'EOF occurred in violation of protocol (_ssl.c:997)'))': /simple/numpy/
WARNING: Retrying (Retry(total=2, connect=None, read=None, redirect=None, status=None)) after connection broken by 'SSLError(SSLEOFError(8, 'EOF occurred in violation of protocol (_ssl.c:997)'))': /simple/numpy/
WARNING: Retrying (Retry(total=1, connect=None, read=None, redirect=None, status=None)) after connection broken by 'SSLError(SSLEOFError(8, 'EOF occurred in violation of protocol (_ssl.c:997)'))': /simple/numpy/
WARNING: Retrying (Retry(total=0, connect=None, read=None, redirect=None, status=None)) after connection broken by 'SSLError(SSLEOFError(8, 'EOF occurred in violation of protocol (_ssl.c:997)'))': /simple/numpy/
ERROR: Could not find a version that satisfies the requirement numpy>=1.26.0 (from versions: none)
ERROR: No matching distribution found for numpy>=1.26.0
2026-03-19 21:35:40,422 [WARNING] Cache packages for python-runtime failed with exit code 1: D:\PaddleOCR\DigitOCR_Project\.venv\Scripts\python.exe -m pip download --requirement D:\PaddleOCR\DigitOCR_Project\requirements.txt --dest D:\PaddleOCR\DigitOCR_Project\.runtime\cache\pip --cache-dir D:\PaddleOCR\DigitOCR_Project\.runtime\cache\pip-http --prefer-binary
2026-03-19 21:35:40,424 [INFO] Retrying Cache packages for python-runtime in 3.0 seconds (attempt 2/3).
2026-03-19 21:35:40,435 [INFO] Cache packages for python-runtime stdout:
Could not fetch URL https://pypi.org/simple/numpy/: There was a problem confirming the ssl certificate: HTTPSConnectionPool(host='pypi.org', port=443): Max retries exceeded with url: /simple/numpy/ (Caused by SSLError(SSLEOFError(8, 'EOF occurred in violation of protocol (_ssl.c:997)'))) - skipping
Could not fetch URL https://pypi.org/simple/pip/: There was a problem confirming the ssl certificate: HTTPSConnectionPool(host='pypi.org', port=443): Max retries exceeded with url: /simple/pip/ (Caused by SSLError(SSLEOFError(8, 'EOF occurred in violation of protocol (_ssl.c:997)'))) - skipping
2026-03-19 21:35:40,435 [WARNING] Cache packages for python-runtime stderr:
WARNING: Retrying (Retry(total=4, connect=None, read=None, redirect=None, status=None)) after connection broken by 'SSLError(SSLEOFError(8, 'EOF occurred in violation of protocol (_ssl.c:997)'))': /simple/numpy/
WARNING: Retrying (Retry(total=3, connect=None, read=None, redirect=None, status=None)) after connection broken by 'SSLError(SSLEOFError(8, 'EOF occurred in violation of protocol (_ssl.c:997)'))': /simple/numpy/
WARNING: Retrying (Retry(total=2, connect=None, read=None, redirect=None, status=None)) after connection broken by 'SSLError(SSLEOFError(8, 'EOF occurred in violation of protocol (_ssl.c:997)'))': /simple/numpy/
WARNING: Retrying (Retry(total=1, connect=None, read=None, redirect=None, status=None)) after connection broken by 'SSLError(SSLEOFError(8, 'EOF occurred in violation of protocol (_ssl.c:997)'))': /simple/numpy/
WARNING: Retrying (Retry(total=0, connect=None, read=None, redirect=None, status=None)) after connection broken by 'SSLError(SSLEOFError(8, 'EOF occurred in violation of protocol (_ssl.c:997)'))': /simple/numpy/
ERROR: Could not find a version that satisfies the requirement numpy>=1.26.0 (from versions: none)
ERROR: No matching distribution found for numpy>=1.26.0
2026-03-19 21:35:40,435 [WARNING] Cache packages for python-runtime failed with exit code 1: D:\PaddleOCR\DigitOCR_Project\.venv\Scripts\python.exe -m pip download --requirement D:\PaddleOCR\DigitOCR_Project\requirements.txt --dest D:\PaddleOCR\DigitOCR_Project\.runtime\cache\pip --cache-dir D:\PaddleOCR\DigitOCR_Project\.runtime\cache\pip-http --prefer-binary
2026-03-19 21:35:40,436 [INFO] Retrying Cache packages for python-runtime in 3.0 seconds (attempt 2/3).
2026-03-19 21:35:43,424 [INFO] [Cache packages for python-runtime] D:\PaddleOCR\DigitOCR_Project\.venv\Scripts\python.exe -m pip download --requirement D:\PaddleOCR\DigitOCR_Project\requirements.txt --dest D:\PaddleOCR\DigitOCR_Project\.runtime\cache\pip --cache-dir D:\PaddleOCR\DigitOCR_Project\.runtime\cache\pip-http --prefer-binary
2026-03-19 21:35:43,437 [INFO] [Cache packages for python-runtime] D:\PaddleOCR\DigitOCR_Project\.venv\Scripts\python.exe -m pip download --requirement D:\PaddleOCR\DigitOCR_Project\requirements.txt --dest D:\PaddleOCR\DigitOCR_Project\.runtime\cache\pip --cache-dir D:\PaddleOCR\DigitOCR_Project\.runtime\cache\pip-http --prefer-binary
2026-03-19 21:35:51,559 [INFO] Cache packages for python-runtime stdout:
Could not fetch URL https://pypi.org/simple/numpy/: There was a problem confirming the ssl certificate: HTTPSConnectionPool(host='pypi.org', port=443): Max retries exceeded with url: /simple/numpy/ (Caused by SSLError(SSLEOFError(8, 'EOF occurred in violation of protocol (_ssl.c:997)'))) - skipping
Could not fetch URL https://pypi.org/simple/pip/: There was a problem confirming the ssl certificate: HTTPSConnectionPool(host='pypi.org', port=443): Max retries exceeded with url: /simple/pip/ (Caused by SSLError(SSLEOFError(8, 'EOF occurred in violation of protocol (_ssl.c:997)'))) - skipping
2026-03-19 21:35:51,559 [WARNING] Cache packages for python-runtime stderr:
WARNING: Retrying (Retry(total=4, connect=None, read=None, redirect=None, status=None)) after connection broken by 'SSLError(SSLEOFError(8, 'EOF occurred in violation of protocol (_ssl.c:997)'))': /simple/numpy/
WARNING: Retrying (Retry(total=3, connect=None, read=None, redirect=None, status=None)) after connection broken by 'SSLError(SSLEOFError(8, 'EOF occurred in violation of protocol (_ssl.c:997)'))': /simple/numpy/
WARNING: Retrying (Retry(total=2, connect=None, read=None, redirect=None, status=None)) after connection broken by 'SSLError(SSLEOFError(8, 'EOF occurred in violation of protocol (_ssl.c:997)'))': /simple/numpy/
WARNING: Retrying (Retry(total=1, connect=None, read=None, redirect=None, status=None)) after connection broken by 'SSLError(SSLEOFError(8, 'EOF occurred in violation of protocol (_ssl.c:997)'))': /simple/numpy/
WARNING: Retrying (Retry(total=0, connect=None, read=None, redirect=None, status=None)) after connection broken by 'SSLError(SSLEOFError(8, 'EOF occurred in violation of protocol (_ssl.c:997)'))': /simple/numpy/
ERROR: Could not find a version that satisfies the requirement numpy>=1.26.0 (from versions: none)
ERROR: No matching distribution found for numpy>=1.26.0
2026-03-19 21:35:51,559 [WARNING] Cache packages for python-runtime failed with exit code 1: D:\PaddleOCR\DigitOCR_Project\.venv\Scripts\python.exe -m pip download --requirement D:\PaddleOCR\DigitOCR_Project\requirements.txt --dest D:\PaddleOCR\DigitOCR_Project\.runtime\cache\pip --cache-dir D:\PaddleOCR\DigitOCR_Project\.runtime\cache\pip-http --prefer-binary
2026-03-19 21:35:51,559 [INFO] Retrying Cache packages for python-runtime in 6.0 seconds (attempt 3/3).
2026-03-19 21:35:51,569 [INFO] Cache packages for python-runtime stdout:
Could not fetch URL https://pypi.org/simple/numpy/: There was a problem confirming the ssl certificate: HTTPSConnectionPool(host='pypi.org', port=443): Max retries exceeded with url: /simple/numpy/ (Caused by SSLError(SSLEOFError(8, 'EOF occurred in violation of protocol (_ssl.c:997)'))) - skipping
Could not fetch URL https://pypi.org/simple/pip/: There was a problem confirming the ssl certificate: HTTPSConnectionPool(host='pypi.org', port=443): Max retries exceeded with url: /simple/pip/ (Caused by SSLError(SSLEOFError(8, 'EOF occurred in violation of protocol (_ssl.c:997)'))) - skipping
2026-03-19 21:35:51,571 [WARNING] Cache packages for python-runtime stderr:
WARNING: Retrying (Retry(total=4, connect=None, read=None, redirect=None, status=None)) after connection broken by 'SSLError(SSLEOFError(8, 'EOF occurred in violation of protocol (_ssl.c:997)'))': /simple/numpy/
WARNING: Retrying (Retry(total=3, connect=None, read=None, redirect=None, status=None)) after connection broken by 'SSLError(SSLEOFError(8, 'EOF occurred in violation of protocol (_ssl.c:997)'))': /simple/numpy/
WARNING: Retrying (Retry(total=2, connect=None, read=None, redirect=None, status=None)) after connection broken by 'SSLError(SSLEOFError(8, 'EOF occurred in violation of protocol (_ssl.c:997)'))': /simple/numpy/
WARNING: Retrying (Retry(total=1, connect=None, read=None, redirect=None, status=None)) after connection broken by 'SSLError(SSLEOFError(8, 'EOF occurred in violation of protocol (_ssl.c:997)'))': /simple/numpy/
WARNING: Retrying (Retry(total=0, connect=None, read=None, redirect=None, status=None)) after connection broken by 'SSLError(SSLEOFError(8, 'EOF occurred in violation of protocol (_ssl.c:997)'))': /simple/numpy/
ERROR: Could not find a version that satisfies the requirement numpy>=1.26.0 (from versions: none)
ERROR: No matching distribution found for numpy>=1.26.0
2026-03-19 21:35:51,571 [WARNING] Cache packages for python-runtime failed with exit code 1: D:\PaddleOCR\DigitOCR_Project\.venv\Scripts\python.exe -m pip download --requirement D:\PaddleOCR\DigitOCR_Project\requirements.txt --dest D:\PaddleOCR\DigitOCR_Project\.runtime\cache\pip --cache-dir D:\PaddleOCR\DigitOCR_Project\.runtime\cache\pip-http --prefer-binary
2026-03-19 21:35:51,571 [INFO] Retrying Cache packages for python-runtime in 6.0 seconds (attempt 3/3).
2026-03-19 21:35:57,560 [INFO] [Cache packages for python-runtime] D:\PaddleOCR\DigitOCR_Project\.venv\Scripts\python.exe -m pip download --requirement D:\PaddleOCR\DigitOCR_Project\requirements.txt --dest D:\PaddleOCR\DigitOCR_Project\.runtime\cache\pip --cache-dir D:\PaddleOCR\DigitOCR_Project\.runtime\cache\pip-http --prefer-binary
2026-03-19 21:35:57,571 [INFO] [Cache packages for python-runtime] D:\PaddleOCR\DigitOCR_Project\.venv\Scripts\python.exe -m pip download --requirement D:\PaddleOCR\DigitOCR_Project\requirements.txt --dest D:\PaddleOCR\DigitOCR_Project\.runtime\cache\pip --cache-dir D:\PaddleOCR\DigitOCR_Project\.runtime\cache\pip-http --prefer-binary
2026-03-19 21:36:05,689 [INFO] Cache packages for python-runtime stdout:
Could not fetch URL https://pypi.org/simple/numpy/: There was a problem confirming the ssl certificate: HTTPSConnectionPool(host='pypi.org', port=443): Max retries exceeded with url: /simple/numpy/ (Caused by SSLError(SSLEOFError(8, 'EOF occurred in violation of protocol (_ssl.c:997)'))) - skipping
Could not fetch URL https://pypi.org/simple/pip/: There was a problem confirming the ssl certificate: HTTPSConnectionPool(host='pypi.org', port=443): Max retries exceeded with url: /simple/pip/ (Caused by SSLError(SSLEOFError(8, 'EOF occurred in violation of protocol (_ssl.c:997)'))) - skipping
2026-03-19 21:36:05,689 [INFO] Cache packages for python-runtime stdout:
Could not fetch URL https://pypi.org/simple/numpy/: There was a problem confirming the ssl certificate: HTTPSConnectionPool(host='pypi.org', port=443): Max retries exceeded with url: /simple/numpy/ (Caused by SSLError(SSLEOFError(8, 'EOF occurred in violation of protocol (_ssl.c:997)'))) - skipping
Could not fetch URL https://pypi.org/simple/pip/: There was a problem confirming the ssl certificate: HTTPSConnectionPool(host='pypi.org', port=443): Max retries exceeded with url: /simple/pip/ (Caused by SSLError(SSLEOFError(8, 'EOF occurred in violation of protocol (_ssl.c:997)'))) - skipping
2026-03-19 21:36:05,689 [WARNING] Cache packages for python-runtime stderr:
WARNING: Retrying (Retry(total=4, connect=None, read=None, redirect=None, status=None)) after connection broken by 'SSLError(SSLEOFError(8, 'EOF occurred in violation of protocol (_ssl.c:997)'))': /simple/numpy/
WARNING: Retrying (Retry(total=3, connect=None, read=None, redirect=None, status=None)) after connection broken by 'SSLError(SSLEOFError(8, 'EOF occurred in violation of protocol (_ssl.c:997)'))': /simple/numpy/
WARNING: Retrying (Retry(total=2, connect=None, read=None, redirect=None, status=None)) after connection broken by 'SSLError(SSLEOFError(8, 'EOF occurred in violation of protocol (_ssl.c:997)'))': /simple/numpy/
WARNING: Retrying (Retry(total=1, connect=None, read=None, redirect=None, status=None)) after connection broken by 'SSLError(SSLEOFError(8, 'EOF occurred in violation of protocol (_ssl.c:997)'))': /simple/numpy/
WARNING: Retrying (Retry(total=0, connect=None, read=None, redirect=None, status=None)) after connection broken by 'SSLError(SSLEOFError(8, 'EOF occurred in violation of protocol (_ssl.c:997)'))': /simple/numpy/
ERROR: Could not find a version that satisfies the requirement numpy>=1.26.0 (from versions: none)
ERROR: No matching distribution found for numpy>=1.26.0
2026-03-19 21:36:05,689 [WARNING] Cache packages for python-runtime failed with exit code 1: D:\PaddleOCR\DigitOCR_Project\.venv\Scripts\python.exe -m pip download --requirement D:\PaddleOCR\DigitOCR_Project\requirements.txt --dest D:\PaddleOCR\DigitOCR_Project\.runtime\cache\pip --cache-dir D:\PaddleOCR\DigitOCR_Project\.runtime\cache\pip-http --prefer-binary
2026-03-19 21:36:05,689 [WARNING] Cache packages for python-runtime failed with exit code 1: D:\PaddleOCR\DigitOCR_Project\.venv\Scripts\python.exe -m pip download --requirement D:\PaddleOCR\DigitOCR_Project\requirements.txt --dest D:\PaddleOCR\DigitOCR_Project\.runtime\cache\pip --cache-dir D:\PaddleOCR\DigitOCR_Project\.runtime\cache\pip-http --prefer-binary
2026-03-19 21:36:05,690 [ERROR] Bootstrap failed: Cache packages for python-runtime failed with exit code 1: D:\PaddleOCR\DigitOCR_Project\.venv\Scripts\python.exe -m pip download --requirement D:\PaddleOCR\DigitOCR_Project\requirements.txt --dest D:\PaddleOCR\DigitOCR_Project\.runtime\cache\pip --cache-dir D:\PaddleOCR\DigitOCR_Project\.runtime\cache\pip-http --prefer-binary
Traceback (most recent call last):
  File "D:\PaddleOCR\DigitOCR_Project\bootstrap_env.py", line 827, in main
    run_step(
  File "D:\PaddleOCR\DigitOCR_Project\bootstrap_env.py", line 745, in run_step
    result = action()
  File "D:\PaddleOCR\DigitOCR_Project\bootstrap_env.py", line 830, in <lambda>
    install_manifest(
  File "D:\PaddleOCR\DigitOCR_Project\bootstrap_env.py", line 642, in install_manifest
    install_pip_manifest(
  File "D:\PaddleOCR\DigitOCR_Project\bootstrap_env.py", line 572, in install_pip_manifest
    runner.run(download_command, description=f"Cache packages for {manifest.name}")
  File "D:\PaddleOCR\DigitOCR_Project\bootstrap_env.py", line 168, in run
    raise last_error or BootstrapError(f"{description} failed: {rendered}")
BootstrapError: Cache packages for python-runtime failed with exit code 1: D:\PaddleOCR\DigitOCR_Project\.venv\Scripts\python.exe -m pip download --requirement D:\PaddleOCR\DigitOCR_Project\requirements.txt --dest D:\PaddleOCR\DigitOCR_Project\.runtime\cache\pip --cache-dir D:\PaddleOCR\DigitOCR_Project\.runtime\cache\pip-http --prefer-binary
2026-03-19 21:36:05,690 [ERROR] Bootstrap failed: Cache packages for python-runtime failed with exit code 1: D:\PaddleOCR\DigitOCR_Project\.venv\Scripts\python.exe -m pip download --requirement D:\PaddleOCR\DigitOCR_Project\requirements.txt --dest D:\PaddleOCR\DigitOCR_Project\.runtime\cache\pip --cache-dir D:\PaddleOCR\DigitOCR_Project\.runtime\cache\pip-http --prefer-binary
Traceback (most recent call last):
  File "D:\PaddleOCR\DigitOCR_Project\bootstrap_env.py", line 827, in main
    run_step(
  File "D:\PaddleOCR\DigitOCR_Project\bootstrap_env.py", line 745, in run_step
    result = action()
  File "D:\PaddleOCR\DigitOCR_Project\bootstrap_env.py", line 830, in <lambda>
    install_manifest(
  File "D:\PaddleOCR\DigitOCR_Project\bootstrap_env.py", line 642, in install_manifest
    install_pip_manifest(
  File "D:\PaddleOCR\DigitOCR_Project\bootstrap_env.py", line 572, in install_pip_manifest
    runner.run(download_command, description=f"Cache packages for {manifest.name}")
  File "D:\PaddleOCR\DigitOCR_Project\bootstrap_env.py", line 168, in run
    raise last_error or BootstrapError(f"{description} failed: {rendered}")
BootstrapError: Cache packages for python-runtime failed with exit code 1: D:\PaddleOCR\DigitOCR_Project\.venv\Scripts\python.exe -m pip download --requirement D:\PaddleOCR\DigitOCR_Project\requirements.txt --dest D:\PaddleOCR\DigitOCR_Project\.runtime\cache\pip --cache-dir D:\PaddleOCR\DigitOCR_Project\.runtime\cache\pip-http --prefer-binary
2026-03-19 21:36:05,691 [INFO] Failure report: D:\PaddleOCR\DigitOCR_Project\.runtime\bootstrap\reports\bootstrap-20260319-213508.json
2026-03-19 21:36:05,701 [INFO] Failure report: D:\PaddleOCR\DigitOCR_Project\.runtime\bootstrap\reports\bootstrap-20260319-213508.json
