2026-03-19 21:41:18,061 [INFO] [Upgrade bootstrap packages] D:\PaddleOCR\DigitOCR_Project\.venv\Scripts\python.exe -m pip install --upgrade --cache-dir D:\PaddleOCR\DigitOCR_Project\.runtime\cache\pip-http pip setuptools wheel
2026-03-19 21:41:41,521 [INFO] Upgrade bootstrap packages stdout:
Requirement already satisfied: pip in .\digitocr_project\.venv\lib\site-packages (26.0.1)
Could not fetch URL https://pypi.org/simple/pip/: There was a problem confirming the ssl certificate: HTTPSConnectionPool(host='pypi.org', port=443): Max retries exceeded with url: /simple/pip/ (Caused by SSLError(SSLEOFError(8, 'EOF occurred in violation of protocol (_ssl.c:997)'))) - skipping
Requirement already satisfied: setuptools in .\digitocr_project\.venv\lib\site-packages (82.0.1)
Could not fetch URL https://pypi.org/simple/setuptools/: There was a problem confirming the ssl certificate: HTTPSConnectionPool(host='pypi.org', port=443): Max retries exceeded with url: /simple/setuptools/ (Caused by SSLError(SSLEOFError(8, 'EOF occurred in violation of protocol (_ssl.c:997)'))) - skipping
Requirement already satisfied: wheel in .\digitocr_project\.venv\lib\site-packages (0.46.3)
Could not fetch URL https://pypi.org/simple/wheel/: There was a problem confirming the ssl certificate: HTTPSConnectionPool(host='pypi.org', port=443): Max retries exceeded with url: /simple/wheel/ (Caused by SSLError(SSLEOFError(8, 'EOF occurred in violation of protocol (_ssl.c:997)'))) - skipping
Requirement already satisfied: packaging>=24.0 in .\digitocr_project\.venv\lib\site-packages (from wheel) (26.0)
Could not fetch URL https://pypi.org/simple/pip/: There was a problem confirming the ssl certificate: HTTPSConnectionPool(host='pypi.org', port=443): Max retries exceeded with url: /simple/pip/ (Caused by SSLError(SSLEOFError(8, 'EOF occurred in violation of protocol (_ssl.c:997)'))) - skipping
2026-03-19 21:41:41,522 [WARNING] Upgrade bootstrap packages stderr:
WARNING: Retrying (Retry(total=4, connect=None, read=None, redirect=None, status=None)) after connection broken by 'SSLError(SSLEOFError(8, 'EOF occurred in violation of protocol (_ssl.c:997)'))': /simple/pip/
WARNING: Retrying (Retry(total=3, connect=None, read=None, redirect=None, status=None)) after connection broken by 'SSLError(SSLEOFError(8, 'EOF occurred in violation of protocol (_ssl.c:997)'))': /simple/pip/
WARNING: Retrying (Retry(total=2, connect=None, read=None, redirect=None, status=None)) after connection broken by 'SSLError(SSLEOFError(8, 'EOF occurred in violation of protocol (_ssl.c:997)'))': /simple/pip/
WARNING: Retrying (Retry(total=1, connect=None, read=None, redirect=None, status=None)) after connection broken by 'SSLError(SSLEOFError(8, 'EOF occurred in violation of protocol (_ssl.c:997)'))': /simple/pip/
WARNING: Retrying (Retry(total=0, connect=None, read=None, redirect=None, status=None)) after connection broken by 'SSLError(SSLEOFError(8, 'EOF occurred in violation of protocol (_ssl.c:997)'))': /simple/pip/
WARNING: Retrying (Retry(total=4, connect=None, read=None, redirect=None, status=None)) after connection broken by 'SSLError(SSLEOFError(8, 'EOF occurred in violation of protocol (_ssl.c:997)'))': /simple/setuptools/
WARNING: Retrying (Retry(total=3, connect=None, read=None, redirect=None, status=None)) after connection broken by 'SSLError(SSLEOFError(8, 'EOF occurred in violation of protocol (_ssl.c:997)'))': /simple/setuptools/
WARNING: Retrying (Retry(total=2, connect=None, read=None, redirect=None, status=None)) after connection broken by 'SSLError(SSLEOFError(8, 'EOF occurred in violation of protocol (_ssl.c:997)'))': /simple/setuptools/
WARNING: Retrying (Retry(total=1, connect=None, read=None, redirect=None, status=None)) after connection broken by 'SSLError(SSLEOFError(8, 'EOF occurred in violation of protocol (_ssl.c:997)'))': /simple/setuptools/
WARNING: Retrying (Retry(total=0, connect=None, read=None, redirect=None, status=None)) after connection broken by 'SSLError(SSLEOFError(8, 'EOF occurred in violation of protocol (_ssl.c:997)'))': /simple/setuptools/
WARNING: Retrying (Retry(total=4, connect=None, read=None, redirect=None, status=None)) after connection broken by 'SSLError(SSLEOFError(8, 'EOF occurred in violation of protocol (_ssl.c:997)'))': /simple/wheel/
WARNING: Retrying (Retry(total=3, connect=None, read=None, redirect=None, status=None)) after connection broken by 'SSLError(SSLEOFError(8, 'EOF occurred in violation of protocol (_ssl.c:997)'))': /simple/wheel/
WARNING: Retrying (Retry(total=2, connect=None, read=None, redirect=None, status=None)) after connection broken by 'SSLError(SSLEOFError(8, 'EOF occurred in violation of protocol (_ssl.c:997)'))': /simple/wheel/
WARNING: Retrying (Retry(total=1, connect=None, read=None, redirect=None, status=None)) after connection broken by 'SSLError(SSLEOFError(8, 'EOF occurred in violation of protocol (_ssl.c:997)'))': /simple/wheel/
WARNING: Retrying (Retry(total=0, connect=None, read=None, redirect=None, status=None)) after connection broken by 'SSLError(SSLEOFError(8, 'EOF occurred in violation of protocol (_ssl.c:997)'))': /simple/wheel/
2026-03-19 21:41:41,524 [INFO] Skipping D:\PaddleOCR\DigitOCR_Project\requirements.txt because the manifest fingerprint matches the last successful install.
2026-03-19 21:41:41,524 [INFO] Skipping optional manifest D:\PaddleOCR\DigitOCR_Project\package.json because it does not exist.
2026-03-19 21:41:41,525 [INFO] Bootstrap completed successfully.
2026-03-19 21:41:41,525 [INFO] JSON report: D:\PaddleOCR\DigitOCR_Project\.runtime\bootstrap\reports\bootstrap-20260319-214118.json
