2026-04-02 17:44:58,276 [INFO] Skipping bootstrap package upgrade by request.
2026-04-02 17:44:58,277 [INFO] Skipping D:\PaddleOCR\DigitOCR_Project\requirements.txt because the manifest fingerprint matches the last successful install.
2026-04-02 17:44:58,277 [INFO] Skipping optional manifest D:\PaddleOCR\DigitOCR_Project\package.json because it does not exist.
2026-04-02 17:44:58,279 [INFO] Bootstrap completed successfully.
2026-04-02 17:44:58,279 [INFO] JSON report: D:\PaddleOCR\DigitOCR_Project\.runtime\bootstrap\reports\bootstrap-20260402-174458.json
2026-04-02 17:44:58,307 [INFO] Skipping bootstrap package upgrade by request.
2026-04-02 17:44:58,309 [INFO] Skipping D:\PaddleOCR\DigitOCR_Project\requirements.txt because the manifest fingerprint matches the last successful install.
2026-04-02 17:44:58,309 [INFO] Skipping optional manifest D:\PaddleOCR\DigitOCR_Project\package.json because it does not exist.
2026-04-02 17:44:58,310 [INFO] Bootstrap completed successfully.
2026-04-02 17:44:58,310 [INFO] JSON report: D:\PaddleOCR\DigitOCR_Project\.runtime\bootstrap\reports\bootstrap-20260402-174458.json
2026-04-02 17:44:58,743 [INFO] Skipping bootstrap package upgrade by request.
2026-04-02 17:44:58,744 [INFO] Skipping bootstrap package upgrade by request.
2026-04-02 17:44:58,744 [INFO] Skipping D:\PaddleOCR\DigitOCR_Project\requirements.txt because the manifest fingerprint matches the last successful install.
2026-04-02 17:44:58,744 [INFO] Skipping optional manifest D:\PaddleOCR\DigitOCR_Project\package.json because it does not exist.
2026-04-02 17:44:58,745 [INFO] Skipping D:\PaddleOCR\DigitOCR_Project\requirements.txt because the manifest fingerprint matches the last successful install.
2026-04-02 17:44:58,745 [INFO] Skipping optional manifest D:\PaddleOCR\DigitOCR_Project\package.json because it does not exist.
2026-04-02 17:44:58,745 [INFO] Bootstrap completed successfully.
2026-04-02 17:44:58,745 [INFO] JSON report: D:\PaddleOCR\DigitOCR_Project\.runtime\bootstrap\reports\bootstrap-20260402-174458.json
2026-04-02 17:44:58,746 [INFO] Bootstrap completed successfully.
2026-04-02 17:44:58,746 [INFO] JSON report: D:\PaddleOCR\DigitOCR_Project\.runtime\bootstrap\reports\bootstrap-20260402-174458.json
