2026-04-02 18:48:54,671 [INFO] Skipping bootstrap package upgrade by request.
2026-04-02 18:48:54,674 [INFO] Installing dependencies declared in D:\PaddleOCR\DigitOCR_Project\requirements.txt
2026-04-02 18:48:54,675 [INFO] [Cache packages for python-runtime] D:\PaddleOCR\DigitOCR_Project\.venv\Scripts\python.exe -m pip download --requirement D:\PaddleOCR\DigitOCR_Project\requirements.txt --dest D:\PaddleOCR\DigitOCR_Project\.runtime\cache\pip --cache-dir D:\PaddleOCR\DigitOCR_Project\.runtime\cache\pip-http --prefer-binary
2026-04-02 18:49:03,188 [INFO] Cache packages for python-runtime stdout:
Could not fetch URL https://pypi.org/simple/numpy/: There was a problem confirming the ssl certificate: HTTPSConnectionPool(host='pypi.org', port=443): Max retries exceeded with url: /simple/numpy/ (Caused by SSLError(SSLEOFError(8, 'EOF occurred in violation of protocol (_ssl.c:997)'))) - skipping
2026-04-02 18:49:03,193 [WARNING] Cache packages for python-runtime stderr:
WARNING: Retrying (Retry(total=4, connect=None, read=None, redirect=None, status=None)) after connection broken by 'SSLError(SSLEOFError(8, 'EOF occurred in violation of protocol (_ssl.c:997)'))': /simple/numpy/
WARNING: Retrying (Retry(total=3, connect=None, read=None, redirect=None, status=None)) after connection broken by 'SSLError(SSLEOFError(8, 'EOF occurred in violation of protocol (_ssl.c:997)'))': /simple/numpy/
WARNING: Retrying (Retry(total=2, connect=None, read=None, redirect=None, status=None)) after connection broken by 'SSLError(SSLEOFError(8, 'EOF occurred in violation of protocol (_ssl.c:997)'))': /simple/numpy/
WARNING: Retrying (Retry(total=1, connect=None, read=None, redirect=None, status=None)) after connection broken by 'SSLError(SSLEOFError(8, 'EOF occurred in violation of protocol (_ssl.c:997)'))': /simple/numpy/
WARNING: Retrying (Retry(total=0, connect=None, read=None, redirect=None, status=None)) after connection broken by 'SSLError(SSLEOFError(8, 'EOF occurred in violation of protocol (_ssl.c:997)'))': /simple/numpy/
ERROR: Could not find a version that satisfies the requirement numpy>=1.26.0 (from versions: none)
ERROR: No matching distribution found for numpy>=1.26.0
2026-04-02 18:49:03,193 [WARNING] Cache packages for python-runtime failed with exit code 1: D:\PaddleOCR\DigitOCR_Project\.venv\Scripts\python.exe -m pip download --requirement D:\PaddleOCR\DigitOCR_Project\requirements.txt --dest D:\PaddleOCR\DigitOCR_Project\.runtime\cache\pip --cache-dir D:\PaddleOCR\DigitOCR_Project\.runtime\cache\pip-http --prefer-binary
2026-04-02 18:49:03,194 [INFO] Retrying Cache packages for python-runtime in 3.0 seconds (attempt 2/3).
2026-04-02 18:49:06,195 [INFO] [Cache packages for python-runtime] D:\PaddleOCR\DigitOCR_Project\.venv\Scripts\python.exe -m pip download --requirement D:\PaddleOCR\DigitOCR_Project\requirements.txt --dest D:\PaddleOCR\DigitOCR_Project\.runtime\cache\pip --cache-dir D:\PaddleOCR\DigitOCR_Project\.runtime\cache\pip-http --prefer-binary
2026-04-02 18:49:14,835 [INFO] Cache packages for python-runtime stdout:
Could not fetch URL https://pypi.org/simple/numpy/: There was a problem confirming the ssl certificate: HTTPSConnectionPool(host='pypi.org', port=443): Max retries exceeded with url: /simple/numpy/ (Caused by SSLError(SSLEOFError(8, 'EOF occurred in violation of protocol (_ssl.c:997)'))) - skipping
2026-04-02 18:49:14,838 [WARNING] Cache packages for python-runtime stderr:
WARNING: Retrying (Retry(total=4, connect=None, read=None, redirect=None, status=None)) after connection broken by 'SSLError(SSLEOFError(8, 'EOF occurred in violation of protocol (_ssl.c:997)'))': /simple/numpy/
WARNING: Retrying (Retry(total=3, connect=None, read=None, redirect=None, status=None)) after connection broken by 'SSLError(SSLEOFError(8, 'EOF occurred in violation of protocol (_ssl.c:997)'))': /simple/numpy/
WARNING: Retrying (Retry(total=2, connect=None, read=None, redirect=None, status=None)) after connection broken by 'SSLError(SSLEOFError(8, 'EOF occurred in violation of protocol (_ssl.c:997)'))': /simple/numpy/
WARNING: Retrying (Retry(total=1, connect=None, read=None, redirect=None, status=None)) after connection broken by 'SSLError(SSLEOFError(8, 'EOF occurred in violation of protocol (_ssl.c:997)'))': /simple/numpy/
WARNING: Retrying (Retry(total=0, connect=None, read=None, redirect=None, status=None)) after connection broken by 'SSLError(SSLEOFError(8, 'EOF occurred in violation of protocol (_ssl.c:997)'))': /simple/numpy/
ERROR: Could not find a version that satisfies the requirement numpy>=1.26.0 (from versions: none)
ERROR: No matching distribution found for numpy>=1.26.0
2026-04-02 18:49:14,839 [WARNING] Cache packages for python-runtime failed with exit code 1: D:\PaddleOCR\DigitOCR_Project\.venv\Scripts\python.exe -m pip download --requirement D:\PaddleOCR\DigitOCR_Project\requirements.txt --dest D:\PaddleOCR\DigitOCR_Project\.runtime\cache\pip --cache-dir D:\PaddleOCR\DigitOCR_Project\.runtime\cache\pip-http --prefer-binary
2026-04-02 18:49:14,840 [INFO] Retrying Cache packages for python-runtime in 6.0 seconds (attempt 3/3).
2026-04-02 18:49:20,841 [INFO] [Cache packages for python-runtime] D:\PaddleOCR\DigitOCR_Project\.venv\Scripts\python.exe -m pip download --requirement D:\PaddleOCR\DigitOCR_Project\requirements.txt --dest D:\PaddleOCR\DigitOCR_Project\.runtime\cache\pip --cache-dir D:\PaddleOCR\DigitOCR_Project\.runtime\cache\pip-http --prefer-binary
2026-04-02 18:49:29,365 [INFO] Cache packages for python-runtime stdout:
Could not fetch URL https://pypi.org/simple/numpy/: There was a problem confirming the ssl certificate: HTTPSConnectionPool(host='pypi.org', port=443): Max retries exceeded with url: /simple/numpy/ (Caused by SSLError(SSLEOFError(8, 'EOF occurred in violation of protocol (_ssl.c:997)'))) - skipping
2026-04-02 18:49:29,365 [WARNING] Cache packages for python-runtime stderr:
WARNING: Retrying (Retry(total=4, connect=None, read=None, redirect=None, status=None)) after connection broken by 'SSLError(SSLEOFError(8, 'EOF occurred in violation of protocol (_ssl.c:997)'))': /simple/numpy/
WARNING: Retrying (Retry(total=3, connect=None, read=None, redirect=None, status=None)) after connection broken by 'SSLError(SSLEOFError(8, 'EOF occurred in violation of protocol (_ssl.c:997)'))': /simple/numpy/
WARNING: Retrying (Retry(total=2, connect=None, read=None, redirect=None, status=None)) after connection broken by 'SSLError(SSLEOFError(8, 'EOF occurred in violation of protocol (_ssl.c:997)'))': /simple/numpy/
WARNING: Retrying (Retry(total=1, connect=None, read=None, redirect=None, status=None)) after connection broken by 'SSLError(SSLEOFError(8, 'EOF occurred in violation of protocol (_ssl.c:997)'))': /simple/numpy/
WARNING: Retrying (Retry(total=0, connect=None, read=None, redirect=None, status=None)) after connection broken by 'SSLError(SSLEOFError(8, 'EOF occurred in violation of protocol (_ssl.c:997)'))': /simple/numpy/
ERROR: Could not find a version that satisfies the requirement numpy>=1.26.0 (from versions: none)
ERROR: No matching distribution found for numpy>=1.26.0
2026-04-02 18:49:29,366 [WARNING] Cache packages for python-runtime failed with exit code 1: D:\PaddleOCR\DigitOCR_Project\.venv\Scripts\python.exe -m pip download --requirement D:\PaddleOCR\DigitOCR_Project\requirements.txt --dest D:\PaddleOCR\DigitOCR_Project\.runtime\cache\pip --cache-dir D:\PaddleOCR\DigitOCR_Project\.runtime\cache\pip-http --prefer-binary
2026-04-02 18:49:29,367 [ERROR] Bootstrap failed: Cache packages for python-runtime failed with exit code 1: D:\PaddleOCR\DigitOCR_Project\.venv\Scripts\python.exe -m pip download --requirement D:\PaddleOCR\DigitOCR_Project\requirements.txt --dest D:\PaddleOCR\DigitOCR_Project\.runtime\cache\pip --cache-dir D:\PaddleOCR\DigitOCR_Project\.runtime\cache\pip-http --prefer-binary
Traceback (most recent call last):
  File "D:\PaddleOCR\DigitOCR_Project\bootstrap_env.py", line 827, in main
    run_step(
  File "D:\PaddleOCR\DigitOCR_Project\bootstrap_env.py", line 745, in run_step
    result = action()
  File "D:\PaddleOCR\DigitOCR_Project\bootstrap_env.py", line 830, in <lambda>
    install_manifest(
  File "D:\PaddleOCR\DigitOCR_Project\bootstrap_env.py", line 642, in install_manifest
    install_pip_manifest(
  File "D:\PaddleOCR\DigitOCR_Project\bootstrap_env.py", line 572, in install_pip_manifest
    runner.run(download_command, description=f"Cache packages for {manifest.name}")
  File "D:\PaddleOCR\DigitOCR_Project\bootstrap_env.py", line 168, in run
    raise last_error or BootstrapError(f"{description} failed: {rendered}")
BootstrapError: Cache packages for python-runtime failed with exit code 1: D:\PaddleOCR\DigitOCR_Project\.venv\Scripts\python.exe -m pip download --requirement D:\PaddleOCR\DigitOCR_Project\requirements.txt --dest D:\PaddleOCR\DigitOCR_Project\.runtime\cache\pip --cache-dir D:\PaddleOCR\DigitOCR_Project\.runtime\cache\pip-http --prefer-binary
2026-04-02 18:49:29,374 [INFO] Failure report: D:\PaddleOCR\DigitOCR_Project\.runtime\bootstrap\reports\bootstrap-20260402-184854.json
