2026-03-19 14:18:59,933 [INFO] [Upgrade bootstrap packages] D:\PaddleOCR\DigitOCR_Project\.venv\Scripts\python.exe -m pip install --upgrade --cache-dir D:\PaddleOCR\DigitOCR_Project\.runtime\cache\pip-http pip setuptools wheel
2026-03-19 14:19:13,829 [INFO] Upgrade bootstrap packages stdout:
Requirement already satisfied: pip in d:\paddleocr\digitocr_project\.venv\lib\site-packages (22.0.4)
Collecting pip
  Downloading pip-26.0.1-py3-none-any.whl (1.8 MB)
     ---------------------------------------- 1.8/1.8 MB 6.3 MB/s eta 0:00:00
Requirement already satisfied: setuptools in d:\paddleocr\digitocr_project\.venv\lib\site-packages (58.1.0)
Collecting setuptools
  Downloading setuptools-82.0.1-py3-none-any.whl (1.0 MB)
     ---------------------------------------- 1.0/1.0 MB 21.2 MB/s eta 0:00:00
Collecting wheel
  Downloading wheel-0.46.3-py3-none-any.whl (30 kB)
Requirement already satisfied: packaging>=24.0 in d:\paddleocr\digitocr_project\.venv\lib\site-packages (from wheel) (26.0)
Installing collected packages: wheel, setuptools, pip
  Attempting uninstall: setuptools
    Found existing installation: setuptools 58.1.0
    Uninstalling setuptools-58.1.0:
      Successfully uninstalled setuptools-58.1.0
  Attempting uninstall: pip
    Found existing installation: pip 22.0.4
    Uninstalling pip-22.0.4:
      Successfully uninstalled pip-22.0.4
Successfully installed pip-26.0.1 setuptools-82.0.1 wheel-0.46.3
Could not fetch URL https://pypi.org/simple/pip/: There was a problem confirming the ssl certificate: HTTPSConnectionPool(host='pypi.org', port=443): Max retries exceeded with url: /simple/pip/ (Caused by SSLError(SSLEOFError(8, 'EOF occurred in violation of protocol (_ssl.c:997)'))) - skipping
2026-03-19 14:19:13,831 [INFO] Installing dependencies declared in D:\PaddleOCR\DigitOCR_Project\requirements.txt
2026-03-19 14:19:13,831 [INFO] [Cache packages for python-runtime] D:\PaddleOCR\DigitOCR_Project\.venv\Scripts\python.exe -m pip download --requirement D:\PaddleOCR\DigitOCR_Project\requirements.txt --dest D:\PaddleOCR\DigitOCR_Project\.runtime\cache\pip --cache-dir D:\PaddleOCR\DigitOCR_Project\.runtime\cache\pip-http --prefer-binary
2026-03-19 14:19:22,096 [INFO] Cache packages for python-runtime stdout:
Could not fetch URL https://pypi.org/simple/numpy/: There was a problem confirming the ssl certificate: HTTPSConnectionPool(host='pypi.org', port=443): Max retries exceeded with url: /simple/numpy/ (Caused by SSLError(SSLEOFError(8, 'EOF occurred in violation of protocol (_ssl.c:997)'))) - skipping
Could not fetch URL https://pypi.org/simple/pip/: There was a problem confirming the ssl certificate: HTTPSConnectionPool(host='pypi.org', port=443): Max retries exceeded with url: /simple/pip/ (Caused by SSLError(SSLEOFError(8, 'EOF occurred in violation of protocol (_ssl.c:997)'))) - skipping
2026-03-19 14:19:22,096 [WARNING] Cache packages for python-runtime stderr:
WARNING: Retrying (Retry(total=4, connect=None, read=None, redirect=None, status=None)) after connection broken by 'SSLError(SSLEOFError(8, 'EOF occurred in violation of protocol (_ssl.c:997)'))': /simple/numpy/
WARNING: Retrying (Retry(total=3, connect=None, read=None, redirect=None, status=None)) after connection broken by 'SSLError(SSLEOFError(8, 'EOF occurred in violation of protocol (_ssl.c:997)'))': /simple/numpy/
WARNING: Retrying (Retry(total=2, connect=None, read=None, redirect=None, status=None)) after connection broken by 'SSLError(SSLEOFError(8, 'EOF occurred in violation of protocol (_ssl.c:997)'))': /simple/numpy/
WARNING: Retrying (Retry(total=1, connect=None, read=None, redirect=None, status=None)) after connection broken by 'SSLError(SSLEOFError(8, 'EOF occurred in violation of protocol (_ssl.c:997)'))': /simple/numpy/
WARNING: Retrying (Retry(total=0, connect=None, read=None, redirect=None, status=None)) after connection broken by 'SSLError(SSLEOFError(8, 'EOF occurred in violation of protocol (_ssl.c:997)'))': /simple/numpy/
ERROR: Could not find a version that satisfies the requirement numpy>=1.26.0 (from versions: none)
ERROR: No matching distribution found for numpy>=1.26.0
2026-03-19 14:19:22,097 [WARNING] Cache packages for python-runtime failed with exit code 1: D:\PaddleOCR\DigitOCR_Project\.venv\Scripts\python.exe -m pip download --requirement D:\PaddleOCR\DigitOCR_Project\requirements.txt --dest D:\PaddleOCR\DigitOCR_Project\.runtime\cache\pip --cache-dir D:\PaddleOCR\DigitOCR_Project\.runtime\cache\pip-http --prefer-binary
2026-03-19 14:19:22,097 [INFO] Retrying Cache packages for python-runtime in 3.0 seconds (attempt 2/3).
2026-03-19 14:19:25,097 [INFO] [Cache packages for python-runtime] D:\PaddleOCR\DigitOCR_Project\.venv\Scripts\python.exe -m pip download --requirement D:\PaddleOCR\DigitOCR_Project\requirements.txt --dest D:\PaddleOCR\DigitOCR_Project\.runtime\cache\pip --cache-dir D:\PaddleOCR\DigitOCR_Project\.runtime\cache\pip-http --prefer-binary
2026-03-19 14:19:33,543 [INFO] Cache packages for python-runtime stdout:
Could not fetch URL https://pypi.org/simple/numpy/: There was a problem confirming the ssl certificate: HTTPSConnectionPool(host='pypi.org', port=443): Max retries exceeded with url: /simple/numpy/ (Caused by SSLError(SSLEOFError(8, 'EOF occurred in violation of protocol (_ssl.c:997)'))) - skipping
Could not fetch URL https://pypi.org/simple/pip/: There was a problem confirming the ssl certificate: HTTPSConnectionPool(host='pypi.org', port=443): Max retries exceeded with url: /simple/pip/ (Caused by SSLError(SSLEOFError(8, 'EOF occurred in violation of protocol (_ssl.c:997)'))) - skipping
2026-03-19 14:19:33,543 [WARNING] Cache packages for python-runtime stderr:
WARNING: Retrying (Retry(total=4, connect=None, read=None, redirect=None, status=None)) after connection broken by 'SSLError(SSLEOFError(8, 'EOF occurred in violation of protocol (_ssl.c:997)'))': /simple/numpy/
WARNING: Retrying (Retry(total=3, connect=None, read=None, redirect=None, status=None)) after connection broken by 'SSLError(SSLEOFError(8, 'EOF occurred in violation of protocol (_ssl.c:997)'))': /simple/numpy/
WARNING: Retrying (Retry(total=2, connect=None, read=None, redirect=None, status=None)) after connection broken by 'SSLError(SSLEOFError(8, 'EOF occurred in violation of protocol (_ssl.c:997)'))': /simple/numpy/
WARNING: Retrying (Retry(total=1, connect=None, read=None, redirect=None, status=None)) after connection broken by 'SSLError(SSLEOFError(8, 'EOF occurred in violation of protocol (_ssl.c:997)'))': /simple/numpy/
WARNING: Retrying (Retry(total=0, connect=None, read=None, redirect=None, status=None)) after connection broken by 'SSLError(SSLEOFError(8, 'EOF occurred in violation of protocol (_ssl.c:997)'))': /simple/numpy/
ERROR: Could not find a version that satisfies the requirement numpy>=1.26.0 (from versions: none)
ERROR: No matching distribution found for numpy>=1.26.0
2026-03-19 14:19:33,544 [WARNING] Cache packages for python-runtime failed with exit code 1: D:\PaddleOCR\DigitOCR_Project\.venv\Scripts\python.exe -m pip download --requirement D:\PaddleOCR\DigitOCR_Project\requirements.txt --dest D:\PaddleOCR\DigitOCR_Project\.runtime\cache\pip --cache-dir D:\PaddleOCR\DigitOCR_Project\.runtime\cache\pip-http --prefer-binary
2026-03-19 14:19:33,544 [INFO] Retrying Cache packages for python-runtime in 6.0 seconds (attempt 3/3).
2026-03-19 14:19:39,544 [INFO] [Cache packages for python-runtime] D:\PaddleOCR\DigitOCR_Project\.venv\Scripts\python.exe -m pip download --requirement D:\PaddleOCR\DigitOCR_Project\requirements.txt --dest D:\PaddleOCR\DigitOCR_Project\.runtime\cache\pip --cache-dir D:\PaddleOCR\DigitOCR_Project\.runtime\cache\pip-http --prefer-binary
2026-03-19 14:19:48,054 [INFO] Cache packages for python-runtime stdout:
Could not fetch URL https://pypi.org/simple/numpy/: There was a problem confirming the ssl certificate: HTTPSConnectionPool(host='pypi.org', port=443): Max retries exceeded with url: /simple/numpy/ (Caused by SSLError(SSLEOFError(8, 'EOF occurred in violation of protocol (_ssl.c:997)'))) - skipping
Could not fetch URL https://pypi.org/simple/pip/: There was a problem confirming the ssl certificate: HTTPSConnectionPool(host='pypi.org', port=443): Max retries exceeded with url: /simple/pip/ (Caused by SSLError(SSLEOFError(8, 'EOF occurred in violation of protocol (_ssl.c:997)'))) - skipping
2026-03-19 14:19:48,054 [WARNING] Cache packages for python-runtime stderr:
WARNING: Retrying (Retry(total=4, connect=None, read=None, redirect=None, status=None)) after connection broken by 'SSLError(SSLEOFError(8, 'EOF occurred in violation of protocol (_ssl.c:997)'))': /simple/numpy/
WARNING: Retrying (Retry(total=3, connect=None, read=None, redirect=None, status=None)) after connection broken by 'SSLError(SSLEOFError(8, 'EOF occurred in violation of protocol (_ssl.c:997)'))': /simple/numpy/
WARNING: Retrying (Retry(total=2, connect=None, read=None, redirect=None, status=None)) after connection broken by 'SSLError(SSLEOFError(8, 'EOF occurred in violation of protocol (_ssl.c:997)'))': /simple/numpy/
WARNING: Retrying (Retry(total=1, connect=None, read=None, redirect=None, status=None)) after connection broken by 'SSLError(SSLEOFError(8, 'EOF occurred in violation of protocol (_ssl.c:997)'))': /simple/numpy/
WARNING: Retrying (Retry(total=0, connect=None, read=None, redirect=None, status=None)) after connection broken by 'SSLError(SSLEOFError(8, 'EOF occurred in violation of protocol (_ssl.c:997)'))': /simple/numpy/
ERROR: Could not find a version that satisfies the requirement numpy>=1.26.0 (from versions: none)
ERROR: No matching distribution found for numpy>=1.26.0
2026-03-19 14:19:48,055 [WARNING] Cache packages for python-runtime failed with exit code 1: D:\PaddleOCR\DigitOCR_Project\.venv\Scripts\python.exe -m pip download --requirement D:\PaddleOCR\DigitOCR_Project\requirements.txt --dest D:\PaddleOCR\DigitOCR_Project\.runtime\cache\pip --cache-dir D:\PaddleOCR\DigitOCR_Project\.runtime\cache\pip-http --prefer-binary
2026-03-19 14:19:48,055 [ERROR] Bootstrap failed: Cache packages for python-runtime failed with exit code 1: D:\PaddleOCR\DigitOCR_Project\.venv\Scripts\python.exe -m pip download --requirement D:\PaddleOCR\DigitOCR_Project\requirements.txt --dest D:\PaddleOCR\DigitOCR_Project\.runtime\cache\pip --cache-dir D:\PaddleOCR\DigitOCR_Project\.runtime\cache\pip-http --prefer-binary
Traceback (most recent call last):
  File "D:\PaddleOCR\DigitOCR_Project\bootstrap_env.py", line 827, in main
    run_step(
  File "D:\PaddleOCR\DigitOCR_Project\bootstrap_env.py", line 745, in run_step
    result = action()
  File "D:\PaddleOCR\DigitOCR_Project\bootstrap_env.py", line 830, in <lambda>
    install_manifest(
  File "D:\PaddleOCR\DigitOCR_Project\bootstrap_env.py", line 642, in install_manifest
    install_pip_manifest(
  File "D:\PaddleOCR\DigitOCR_Project\bootstrap_env.py", line 572, in install_pip_manifest
    runner.run(download_command, description=f"Cache packages for {manifest.name}")
  File "D:\PaddleOCR\DigitOCR_Project\bootstrap_env.py", line 168, in run
    raise last_error or BootstrapError(f"{description} failed: {rendered}")
BootstrapError: Cache packages for python-runtime failed with exit code 1: D:\PaddleOCR\DigitOCR_Project\.venv\Scripts\python.exe -m pip download --requirement D:\PaddleOCR\DigitOCR_Project\requirements.txt --dest D:\PaddleOCR\DigitOCR_Project\.runtime\cache\pip --cache-dir D:\PaddleOCR\DigitOCR_Project\.runtime\cache\pip-http --prefer-binary
2026-03-19 14:19:48,062 [INFO] Failure report: D:\PaddleOCR\DigitOCR_Project\.runtime\bootstrap\reports\bootstrap-20260319-141859.json
